<?xml version="1.0" encoding="UTF-8" standalone="yes"?><!DOCTYPE report PUBLIC "-//JACOCO//DTD Report 1.1//EN" "report.dtd"><report name="Event_Planner"><sessioninfo id="CE_FadiHamad-13c37dc0" start="1732367496914" dump="1732367509402"/><package name="softwareproject"><class name="softwareproject/Main$2" sourcefilename="Main.java"><method name="&lt;init&gt;" desc="()V" line="1753"><counter type="INSTRUCTION" missed="3" covered="0"/><counter type="LINE" missed="1" covered="0"/><counter type="COMPLEXITY" missed="1" covered="0"/><counter type="METHOD" missed="1" covered="0"/></method><method name="accept" desc="(Ljava/io/File;)Z" line="1756"><counter type="INSTRUCTION" missed="17" covered="0"/><counter type="BRANCH" missed="6" covered="0"/><counter type="LINE" missed="4" covered="0"/><counter type="COMPLEXITY" missed="4" covered="0"/><counter type="METHOD" missed="1" covered="0"/></method><method name="getDescription" desc="()Ljava/lang/String;" line="1765"><counter type="INSTRUCTION" missed="2" covered="0"/><counter type="LINE" missed="1" covered="0"/><counter type="COMPLEXITY" missed="1" covered="0"/><counter type="METHOD" missed="1" covered="0"/></method><counter type="INSTRUCTION" missed="22" covered="0"/><counter type="BRANCH" missed="6" covered="0"/><counter type="LINE" missed="6" covered="0"/><counter type="COMPLEXITY" missed="6" covered="0"/><counter type="METHOD" missed="3" covered="0"/><counter type="CLASS" missed="1" covered="0"/></class><class name="softwareproject/Main$1" sourcefilename="Main.java"><method name="&lt;init&gt;" desc="()V" line="115"><counter type="INSTRUCTION" missed="3" covered="0"/><counter type="LINE" missed="1" covered="0"/><counter type="COMPLEXITY" missed="1" covered="0"/><counter type="METHOD" missed="1" covered="0"/></method><method name="format" desc="(Ljava/util/logging/LogRecord;)Ljava/lang/String;" line="118"><counter type="INSTRUCTION" missed="4" covered="0"/><counter type="LINE" missed="1" covered="0"/><counter type="COMPLEXITY" missed="1" covered="0"/><counter type="METHOD" missed="1" covered="0"/></method><counter type="INSTRUCTION" missed="7" covered="0"/><counter type="LINE" missed="2" covered="0"/><counter type="COMPLEXITY" missed="2" covered="0"/><counter type="METHOD" missed="2" covered="0"/><counter type="CLASS" missed="1" covered="0"/></class><class name="softwareproject/Main" sourcefilename="Main.java"><method name="&lt;init&gt;" desc="()V" line="38"><counter type="INSTRUCTION" missed="3" covered="0"/><counter type="LINE" missed="1" covered="0"/><counter type="COMPLEXITY" missed="1" covered="0"/><counter type="METHOD" missed="1" covered="0"/></method><method name="main" desc="([Ljava/lang/String;)V" line="106"><counter type="INSTRUCTION" missed="58" covered="0"/><counter type="BRANCH" missed="2" covered="0"/><counter type="LINE" missed="17" covered="0"/><counter type="COMPLEXITY" missed="2" covered="0"/><counter type="METHOD" missed="1" covered="0"/></method><method name="menu" desc="()V" line="142"><counter type="INSTRUCTION" missed="19" covered="0"/><counter type="BRANCH" missed="3" covered="0"/><counter type="LINE" missed="10" covered="0"/><counter type="COMPLEXITY" missed="3" covered="0"/><counter type="METHOD" missed="1" covered="0"/></method><method name="signUpPage" desc="()V" line="165"><counter type="INSTRUCTION" missed="120" covered="0"/><counter type="BRANCH" missed="8" covered="0"/><counter type="LINE" missed="34" covered="0"/><counter type="COMPLEXITY" missed="5" covered="0"/><counter type="METHOD" missed="1" covered="0"/></method><method name="signinpage" desc="()V" line="248"><counter type="INSTRUCTION" missed="70" covered="0"/><counter type="BRANCH" missed="12" covered="0"/><counter type="LINE" missed="27" covered="0"/><counter type="COMPLEXITY" missed="7" covered="0"/><counter type="METHOD" missed="1" covered="0"/></method><method name="vendorpage" desc="()V" line="303"><counter type="INSTRUCTION" missed="113" covered="0"/><counter type="BRANCH" missed="11" covered="0"/><counter type="LINE" missed="24" covered="0"/><counter type="COMPLEXITY" missed="7" covered="0"/><counter type="METHOD" missed="1" covered="0"/></method><method name="showUpcomingEventsForParticularVendor" desc="(Ljava/lang/String;)Ljava/util/List;" line="346"><counter type="INSTRUCTION" missed="116" covered="0"/><counter type="BRANCH" missed="6" covered="0"/><counter type="LINE" missed="28" covered="0"/><counter type="COMPLEXITY" missed="4" covered="0"/><counter type="METHOD" missed="1" covered="0"/></method><method name="customerpage" desc="()V" line="385"><counter type="INSTRUCTION" missed="39" covered="0"/><counter type="BRANCH" missed="9" covered="0"/><counter type="LINE" missed="23" covered="0"/><counter type="COMPLEXITY" missed="8" covered="0"/><counter type="METHOD" missed="1" covered="0"/></method><method name="reviewVendors" desc="()V" line="432"><counter type="INSTRUCTION" missed="86" covered="0"/><counter type="BRANCH" missed="2" covered="0"/><counter type="LINE" missed="24" covered="0"/><counter type="COMPLEXITY" missed="2" covered="0"/><counter type="METHOD" missed="1" covered="0"/></method><method name="getVendorChoice" desc="(I)I" line="470"><counter type="INSTRUCTION" missed="17" covered="0"/><counter type="BRANCH" missed="4" covered="0"/><counter type="LINE" missed="6" covered="0"/><counter type="COMPLEXITY" missed="3" covered="0"/><counter type="METHOD" missed="1" covered="0"/></method><method name="displayVendors" desc="(Ljava/util/List;)I" line="481"><counter type="INSTRUCTION" missed="36" covered="0"/><counter type="BRANCH" missed="4" covered="0"/><counter type="LINE" missed="7" covered="0"/><counter type="COMPLEXITY" missed="3" covered="0"/><counter type="METHOD" missed="1" covered="0"/></method><method name="showCalendarPage" desc="()V" line="494"><counter type="INSTRUCTION" missed="111" covered="0"/><counter type="BRANCH" missed="10" covered="0"/><counter type="LINE" missed="16" covered="0"/><counter type="COMPLEXITY" missed="6" covered="0"/><counter type="METHOD" missed="1" covered="0"/></method><method name="checkRequestPage" desc="()V" line="527"><counter type="INSTRUCTION" missed="125" covered="0"/><counter type="BRANCH" missed="9" covered="0"/><counter type="LINE" missed="20" covered="0"/><counter type="COMPLEXITY" missed="6" covered="0"/><counter type="METHOD" missed="1" covered="0"/></method><method name="cancelEventPage" desc="()V" line="570"><counter type="INSTRUCTION" missed="122" covered="0"/><counter type="BRANCH" missed="10" covered="0"/><counter type="LINE" missed="19" covered="0"/><counter type="COMPLEXITY" missed="6" covered="0"/><counter type="METHOD" missed="1" covered="0"/></method><method name="sendRequest" desc="(Lsoftwareproject/eventmanagement/Event;)V" line="618"><counter type="INSTRUCTION" missed="45" covered="0"/><counter type="LINE" missed="14" covered="0"/><counter type="COMPLEXITY" missed="1" covered="0"/><counter type="METHOD" missed="1" covered="0"/></method><method name="selectStatusOfParticularUserName" desc="(Ljava/lang/String;)Ljava/util/List;" line="649"><counter type="INSTRUCTION" missed="34" covered="0"/><counter type="BRANCH" missed="2" covered="0"/><counter type="LINE" missed="10" covered="0"/><counter type="COMPLEXITY" missed="2" covered="0"/><counter type="METHOD" missed="1" covered="0"/></method><method name="selectAllRequestOfParticualrUserName" desc="(Ljava/lang/String;)Ljava/util/List;" line="665"><counter type="INSTRUCTION" missed="116" covered="0"/><counter type="BRANCH" missed="6" covered="0"/><counter type="LINE" missed="28" covered="0"/><counter type="COMPLEXITY" missed="4" covered="0"/><counter type="METHOD" missed="1" covered="0"/></method><method name="selectAllEventOfParticualrUserName" desc="(Ljava/lang/String;)Ljava/util/List;" line="704"><counter type="INSTRUCTION" missed="116" covered="0"/><counter type="BRANCH" missed="6" covered="0"/><counter type="LINE" missed="28" covered="0"/><counter type="COMPLEXITY" missed="4" covered="0"/><counter type="METHOD" missed="1" covered="0"/></method><method name="bookEventPage" desc="()V" line="743"><counter type="INSTRUCTION" missed="143" covered="0"/><counter type="BRANCH" missed="6" covered="0"/><counter type="LINE" missed="38" covered="0"/><counter type="COMPLEXITY" missed="4" covered="0"/><counter type="METHOD" missed="1" covered="0"/></method><method name="getUserBalance" desc="()I" line="789"><counter type="INSTRUCTION" missed="6" covered="0"/><counter type="LINE" missed="2" covered="0"/><counter type="COMPLEXITY" missed="1" covered="0"/><counter type="METHOD" missed="1" covered="0"/></method><method name="displayEventServices" desc="(Ljava/util/List;)I" line="794"><counter type="INSTRUCTION" missed="125" covered="0"/><counter type="BRANCH" missed="8" covered="0"/><counter type="LINE" missed="13" covered="0"/><counter type="COMPLEXITY" missed="5" covered="0"/><counter type="METHOD" missed="1" covered="0"/></method><method name="getEventChoice" desc="(I)I" line="816"><counter type="INSTRUCTION" missed="17" covered="0"/><counter type="BRANCH" missed="4" covered="0"/><counter type="LINE" missed="6" covered="0"/><counter type="COMPLEXITY" missed="3" covered="0"/><counter type="METHOD" missed="1" covered="0"/></method><method name="getDateForBooking" desc="(Ljava/util/List;I)Ljava/lang/String;" line="827"><counter type="INSTRUCTION" missed="103" covered="0"/><counter type="BRANCH" missed="20" covered="0"/><counter type="LINE" missed="21" covered="0"/><counter type="COMPLEXITY" missed="11" covered="0"/><counter type="METHOD" missed="1" covered="0"/></method><method name="retrieveEvents" desc="(Ljava/lang/String;Lsoftwareproject/eventmanagement/EventService;)Ljava/util/List;" line="866"><counter type="INSTRUCTION" missed="6" covered="0"/><counter type="LINE" missed="1" covered="0"/><counter type="COMPLEXITY" missed="1" covered="0"/><counter type="METHOD" missed="1" covered="0"/></method><method name="printEventsInParticularDate" desc="(Ljava/util/List;Lsoftwareproject/eventmanagement/EventService;)V" line="870"><counter type="INSTRUCTION" missed="78" covered="0"/><counter type="BRANCH" missed="8" covered="0"/><counter type="LINE" missed="11" covered="0"/><counter type="COMPLEXITY" missed="5" covered="0"/><counter type="METHOD" missed="1" covered="0"/></method><method name="calculateAvailableTimes" desc="(Lsoftwareproject/eventmanagement/EventService;Ljava/lang/String;)Ljava/util/List;" line="887"><counter type="INSTRUCTION" missed="90" covered="0"/><counter type="BRANCH" missed="8" covered="0"/><counter type="LINE" missed="19" covered="0"/><counter type="COMPLEXITY" missed="5" covered="0"/><counter type="METHOD" missed="1" covered="0"/></method><method name="displayAvailableTimes" desc="(Ljava/util/List;)Z" line="914"><counter type="INSTRUCTION" missed="43" covered="0"/><counter type="BRANCH" missed="6" covered="0"/><counter type="LINE" missed="9" covered="0"/><counter type="COMPLEXITY" missed="4" covered="0"/><counter type="METHOD" missed="1" covered="0"/></method><method name="getTimeForBooking" desc="(Ljava/util/List;ILjava/lang/String;)Ljava/lang/String;" line="929"><counter type="INSTRUCTION" missed="35" covered="0"/><counter type="BRANCH" missed="4" covered="0"/><counter type="LINE" missed="9" covered="0"/><counter type="COMPLEXITY" missed="3" covered="0"/><counter type="METHOD" missed="1" covered="0"/></method><method name="getDescription" desc="()Ljava/lang/String;" line="944"><counter type="INSTRUCTION" missed="6" covered="0"/><counter type="LINE" missed="2" covered="0"/><counter type="COMPLEXITY" missed="1" covered="0"/><counter type="METHOD" missed="1" covered="0"/></method><method name="getAttendeeCount" desc="()I" line="949"><counter type="INSTRUCTION" missed="6" covered="0"/><counter type="LINE" missed="2" covered="0"/><counter type="COMPLEXITY" missed="1" covered="0"/><counter type="METHOD" missed="1" covered="0"/></method><method name="getGuestList" desc="(I)Ljava/util/List;" line="954"><counter type="INSTRUCTION" missed="30" covered="0"/><counter type="BRANCH" missed="4" covered="0"/><counter type="LINE" missed="9" covered="0"/><counter type="COMPLEXITY" missed="3" covered="0"/><counter type="METHOD" missed="1" covered="0"/></method><method name="chooseImages" desc="()Ljava/util/List;" line="970"><counter type="INSTRUCTION" missed="26" covered="0"/><counter type="BRANCH" missed="2" covered="0"/><counter type="LINE" missed="10" covered="0"/><counter type="COMPLEXITY" missed="2" covered="0"/><counter type="METHOD" missed="1" covered="0"/></method><method name="chooseVendors" desc="(Ljava/lang/String;Ljava/lang/String;)Ljava/util/List;" line="992"><counter type="INSTRUCTION" missed="18" covered="0"/><counter type="BRANCH" missed="2" covered="0"/><counter type="LINE" missed="6" covered="0"/><counter type="COMPLEXITY" missed="2" covered="0"/><counter type="METHOD" missed="1" covered="0"/></method><method name="displayVendorServices" desc="(Ljava/lang/String;Ljava/lang/String;)V" line="1005"><counter type="INSTRUCTION" missed="58" covered="0"/><counter type="BRANCH" missed="6" covered="0"/><counter type="LINE" missed="9" covered="0"/><counter type="COMPLEXITY" missed="4" covered="0"/><counter type="METHOD" missed="1" covered="0"/></method><method name="getPrintedVendors" desc="(Ljava/lang/String;Ljava/lang/String;)Ljava/util/List;" line="1018"><counter type="INSTRUCTION" missed="28" covered="0"/><counter type="BRANCH" missed="4" covered="0"/><counter type="LINE" missed="6" covered="0"/><counter type="COMPLEXITY" missed="3" covered="0"/><counter type="METHOD" missed="1" covered="0"/></method><method name="isVendorAvailable" desc="(Lsoftwareproject/vendor/VendorService;ILjava/lang/String;Ljava/lang/String;)Z" line="1028"><counter type="INSTRUCTION" missed="38" covered="0"/><counter type="BRANCH" missed="10" covered="0"/><counter type="LINE" missed="7" covered="0"/><counter type="COMPLEXITY" missed="6" covered="0"/><counter type="METHOD" missed="1" covered="0"/></method><method name="displayVendorService" desc="(Lsoftwareproject/vendor/VendorService;I)V" line="1039"><counter type="INSTRUCTION" missed="60" covered="0"/><counter type="BRANCH" missed="2" covered="0"/><counter type="LINE" missed="8" covered="0"/><counter type="COMPLEXITY" missed="2" covered="0"/><counter type="METHOD" missed="1" covered="0"/></method><method name="selectVendors" desc="(Ljava/util/List;)Ljava/util/List;" line="1049"><counter type="INSTRUCTION" missed="63" covered="0"/><counter type="BRANCH" missed="8" covered="0"/><counter type="LINE" missed="18" covered="0"/><counter type="COMPLEXITY" missed="5" covered="0"/><counter type="METHOD" missed="1" covered="0"/></method><method name="allNotAvailableVendors" desc="()Ljava/util/List;" line="1076"><counter type="INSTRUCTION" missed="61" covered="0"/><counter type="BRANCH" missed="4" covered="0"/><counter type="LINE" missed="18" covered="0"/><counter type="COMPLEXITY" missed="3" covered="0"/><counter type="METHOD" missed="1" covered="0"/></method><method name="allVendorServices" desc="()Ljava/util/List;" line="1115"><counter type="INSTRUCTION" missed="72" covered="0"/><counter type="BRANCH" missed="4" covered="0"/><counter type="LINE" missed="20" covered="0"/><counter type="COMPLEXITY" missed="3" covered="0"/><counter type="METHOD" missed="1" covered="0"/></method><method name="serviceproviderpage" desc="()V" line="1154"><counter type="INSTRUCTION" missed="23" covered="0"/><counter type="BRANCH" missed="7" covered="0"/><counter type="LINE" missed="13" covered="0"/><counter type="COMPLEXITY" missed="6" covered="0"/><counter type="METHOD" missed="1" covered="0"/></method><method name="displayServiceProviderOptions" desc="()I" line="1174"><counter type="INSTRUCTION" missed="6" covered="0"/><counter type="LINE" missed="2" covered="0"/><counter type="COMPLEXITY" missed="1" covered="0"/><counter type="METHOD" missed="1" covered="0"/></method><method name="handleEventServiceManagement" desc="()V" line="1183"><counter type="INSTRUCTION" missed="26" covered="0"/><counter type="BRANCH" missed="7" covered="0"/><counter type="LINE" missed="14" covered="0"/><counter type="COMPLEXITY" missed="6" covered="0"/><counter type="METHOD" missed="1" covered="0"/></method><method name="displayEventServiceManagementOptions" desc="()I" line="1206"><counter type="INSTRUCTION" missed="6" covered="0"/><counter type="LINE" missed="2" covered="0"/><counter type="COMPLEXITY" missed="1" covered="0"/><counter type="METHOD" missed="1" covered="0"/></method><method name="handleVenueManagement" desc="()V" line="1213"><counter type="INSTRUCTION" missed="25" covered="0"/><counter type="BRANCH" missed="4" covered="0"/><counter type="LINE" missed="12" covered="0"/><counter type="COMPLEXITY" missed="3" covered="0"/><counter type="METHOD" missed="1" covered="0"/></method><method name="promptToContinue" desc="()Z" line="1230"><counter type="INSTRUCTION" missed="10" covered="0"/><counter type="LINE" missed="3" covered="0"/><counter type="COMPLEXITY" missed="1" covered="0"/><counter type="METHOD" missed="1" covered="0"/></method><method name="requestsPage" desc="()V" line="1235"><counter type="INSTRUCTION" missed="52" covered="0"/><counter type="BRANCH" missed="2" covered="0"/><counter type="LINE" missed="9" covered="0"/><counter type="COMPLEXITY" missed="2" covered="0"/><counter type="METHOD" missed="1" covered="0"/></method><method name="displayEvents" desc="(Ljava/util/List;Ljava/util/List;)V" line="1255"><counter type="INSTRUCTION" missed="63" covered="0"/><counter type="BRANCH" missed="4" covered="0"/><counter type="LINE" missed="8" covered="0"/><counter type="COMPLEXITY" missed="3" covered="0"/><counter type="METHOD" missed="1" covered="0"/></method><method name="handleEventUpdates" desc="(Ljava/util/List;)V" line="1265"><counter type="INSTRUCTION" missed="53" covered="0"/><counter type="BRANCH" missed="9" covered="0"/><counter type="LINE" missed="17" covered="0"/><counter type="COMPLEXITY" missed="6" covered="0"/><counter type="METHOD" missed="1" covered="0"/></method><method name="updateAndDeleteEvent" desc="(Ljava/lang/String;ILjava/util/List;)V" line="1295"><counter type="INSTRUCTION" missed="11" covered="0"/><counter type="LINE" missed="4" covered="0"/><counter type="COMPLEXITY" missed="1" covered="0"/><counter type="METHOD" missed="1" covered="0"/></method><method name="returnToMainPage" desc="()V" line="1301"><counter type="INSTRUCTION" missed="17" covered="0"/><counter type="BRANCH" missed="3" covered="0"/><counter type="LINE" missed="9" covered="0"/><counter type="COMPLEXITY" missed="3" covered="0"/><counter type="METHOD" missed="1" covered="0"/></method><method name="selectAllRequests" desc="()Ljava/util/List;" line="1322"><counter type="INSTRUCTION" missed="125" covered="0"/><counter type="BRANCH" missed="6" covered="0"/><counter type="LINE" missed="28" covered="0"/><counter type="COMPLEXITY" missed="4" covered="0"/><counter type="METHOD" missed="1" covered="0"/></method><method name="selectAllStatus" desc="()Ljava/util/List;" line="1362"><counter type="INSTRUCTION" missed="37" covered="0"/><counter type="BRANCH" missed="4" covered="0"/><counter type="LINE" missed="12" covered="0"/><counter type="COMPLEXITY" missed="3" covered="0"/><counter type="METHOD" missed="1" covered="0"/></method><method name="deleteEvent" desc="(I)V" line="1389"><counter type="INSTRUCTION" missed="27" covered="0"/><counter type="LINE" missed="10" covered="0"/><counter type="COMPLEXITY" missed="1" covered="0"/><counter type="METHOD" missed="1" covered="0"/></method><method name="updateStatus" desc="(Ljava/lang/String;I)V" line="1404"><counter type="INSTRUCTION" missed="42" covered="0"/><counter type="BRANCH" missed="2" covered="0"/><counter type="LINE" missed="16" covered="0"/><counter type="COMPLEXITY" missed="2" covered="0"/><counter type="METHOD" missed="1" covered="0"/></method><method name="addvenu" desc="()V" line="1439"><counter type="INSTRUCTION" missed="40" covered="0"/><counter type="LINE" missed="14" covered="0"/><counter type="COMPLEXITY" missed="1" covered="0"/><counter type="METHOD" missed="1" covered="0"/></method><method name="deleteeventservice" desc="()V" line="1458"><counter type="INSTRUCTION" missed="143" covered="0"/><counter type="BRANCH" missed="8" covered="0"/><counter type="LINE" missed="19" covered="0"/><counter type="COMPLEXITY" missed="5" covered="0"/><counter type="METHOD" missed="1" covered="0"/></method><method name="editeventservice" desc="()V" line="1503"><counter type="INSTRUCTION" missed="196" covered="0"/><counter type="BRANCH" missed="6" covered="0"/><counter type="LINE" missed="34" covered="0"/><counter type="COMPLEXITY" missed="4" covered="0"/><counter type="METHOD" missed="1" covered="0"/></method><method name="addeventservice" desc="()V" line="1554"><counter type="INSTRUCTION" missed="96" covered="0"/><counter type="BRANCH" missed="4" covered="0"/><counter type="LINE" missed="31" covered="0"/><counter type="COMPLEXITY" missed="3" covered="0"/><counter type="METHOD" missed="1" covered="0"/></method><method name="adminpage" desc="()V" line="1611"><counter type="INSTRUCTION" missed="47" covered="0"/><counter type="BRANCH" missed="12" covered="0"/><counter type="LINE" missed="17" covered="0"/><counter type="COMPLEXITY" missed="7" covered="0"/><counter type="METHOD" missed="1" covered="0"/></method><method name="deleteuserpage" desc="()V" line="1647"><counter type="INSTRUCTION" missed="108" covered="0"/><counter type="BRANCH" missed="6" covered="0"/><counter type="LINE" missed="17" covered="0"/><counter type="COMPLEXITY" missed="4" covered="0"/><counter type="METHOD" missed="1" covered="0"/></method><method name="selectVendors" desc="(Ljava/lang/String;)Ljava/util/List;" line="1676"><counter type="INSTRUCTION" missed="72" covered="0"/><counter type="BRANCH" missed="6" covered="0"/><counter type="LINE" missed="18" covered="0"/><counter type="COMPLEXITY" missed="4" covered="0"/><counter type="METHOD" missed="1" covered="0"/></method><method name="chooseImagePath" desc="()Ljava/lang/String;" line="1751"><counter type="INSTRUCTION" missed="23" covered="0"/><counter type="BRANCH" missed="2" covered="0"/><counter type="LINE" missed="7" covered="0"/><counter type="COMPLEXITY" missed="2" covered="0"/><counter type="METHOD" missed="1" covered="0"/></method><method name="getExtension" desc="(Ljava/io/File;)Ljava/lang/String;" line="1778"><counter type="INSTRUCTION" missed="24" covered="0"/><counter type="BRANCH" missed="4" covered="0"/><counter type="LINE" missed="5" covered="0"/><counter type="COMPLEXITY" missed="3" covered="0"/><counter type="METHOD" missed="1" covered="0"/></method><method name="isSupportedExtension" desc="(Ljava/lang/String;)Z" line="1787"><counter type="INSTRUCTION" missed="24" covered="0"/><counter type="BRANCH" missed="10" covered="0"/><counter type="LINE" missed="5" covered="0"/><counter type="COMPLEXITY" missed="6" covered="0"/><counter type="METHOD" missed="1" covered="0"/></method><method name="lambda$updateAndDeleteEvent$0" desc="(ILsoftwareproject/eventmanagement/Event;)Z" line="1297"><counter type="INSTRUCTION" missed="8" covered="0"/><counter type="BRANCH" missed="2" covered="0"/><counter type="LINE" missed="1" covered="0"/><counter type="COMPLEXITY" missed="2" covered="0"/><counter type="METHOD" missed="1" covered="0"/></method><method name="&lt;clinit&gt;" desc="()V" line="39"><counter type="INSTRUCTION" missed="84" covered="0"/><counter type="BRANCH" missed="4" covered="0"/><counter type="LINE" missed="15" covered="0"/><counter type="COMPLEXITY" missed="3" covered="0"/><counter type="METHOD" missed="1" covered="0"/></method><counter type="INSTRUCTION" missed="3846" covered="0"/><counter type="BRANCH" missed="326" covered="0"/><counter type="LINE" missed="921" covered="0"/><counter type="COMPLEXITY" missed="238" covered="0"/><counter type="METHOD" missed="67" covered="0"/><counter type="CLASS" missed="1" covered="0"/></class><sourcefile name="Main.java"><line nr="38" mi="3" ci="0" mb="0" cb="0"/><line nr="39" mi="4" ci="0" mb="0" cb="0"/><line nr="41" mi="4" ci="0" mb="0" cb="0"/><line nr="43" mi="8" ci="0" mb="0" cb="0"/><line nr="45" mi="5" ci="0" mb="0" cb="0"/><line nr="46" mi="4" ci="0" mb="0" cb="0"/><line nr="47" mi="4" ci="0" mb="0" cb="0"/><line nr="83" mi="4" ci="0" mb="0" cb="0"/><line nr="86" mi="3" ci="0" mb="0" cb="0"/><line nr="87" mi="17" ci="0" mb="2" cb="0"/><line nr="88" mi="3" ci="0" mb="2" cb="0"/><line nr="89" mi="3" ci="0" mb="0" cb="0"/><line nr="94" mi="6" ci="0" mb="0" cb="0"/><line nr="95" mi="6" ci="0" mb="0" cb="0"/><line nr="96" mi="6" ci="0" mb="0" cb="0"/><line nr="98" mi="7" ci="0" mb="0" cb="0"/><line nr="106" mi="3" ci="0" mb="0" cb="0"/><line nr="108" mi="3" ci="0" mb="0" cb="0"/><line nr="109" mi="16" ci="0" mb="2" cb="0"/><line nr="110" mi="3" ci="0" mb="0" cb="0"/><line nr="113" mi="4" ci="0" mb="0" cb="0"/><line nr="114" mi="3" ci="0" mb="0" cb="0"/><line nr="115" mi="8" ci="0" mb="0" cb="0"/><line nr="118" mi="4" ci="0" mb="0" cb="0"/><line nr="121" mi="3" ci="0" mb="0" cb="0"/><line nr="122" mi="3" ci="0" mb="0" cb="0"/><line nr="123" mi="1" ci="0" mb="0" cb="0"/><line nr="124" mi="5" ci="0" mb="0" cb="0"/><line nr="125" mi="1" ci="0" mb="0" cb="0"/><line nr="129" mi="1" ci="0" mb="0" cb="0"/><line nr="131" mi="1" ci="0" mb="0" cb="0"/><line nr="134" mi="4" ci="0" mb="0" cb="0"/><line nr="135" mi="1" ci="0" mb="0" cb="0"/><line nr="136" mi="1" ci="0" mb="0" cb="0"/><line nr="142" mi="3" ci="0" mb="0" cb="0"/><line nr="143" mi="3" ci="0" mb="0" cb="0"/><line nr="148" mi="3" ci="0" mb="0" cb="0"/><line nr="150" mi="2" ci="0" mb="3" cb="0"/><line nr="152" mi="1" ci="0" mb="0" cb="0"/><line nr="153" mi="1" ci="0" mb="0" cb="0"/><line nr="155" mi="1" ci="0" mb="0" cb="0"/><line nr="156" mi="1" ci="0" mb="0" cb="0"/><line nr="158" mi="3" ci="0" mb="0" cb="0"/><line nr="162" mi="1" ci="0" mb="0" cb="0"/><line nr="165" mi="3" ci="0" mb="0" cb="0"/><line nr="180" mi="3" ci="0" mb="0" cb="0"/><line nr="181" mi="3" ci="0" mb="0" cb="0"/><line nr="182" mi="3" ci="0" mb="0" cb="0"/><line nr="183" mi="3" ci="0" mb="0" cb="0"/><line nr="184" mi="3" ci="0" mb="0" cb="0"/><line nr="185" mi="3" ci="0" mb="0" cb="0"/><line nr="186" mi="3" ci="0" mb="0" cb="0"/><line nr="187" mi="3" ci="0" mb="0" cb="0"/><line nr="188" mi="3" ci="0" mb="0" cb="0"/><line nr="189" mi="3" ci="0" mb="0" cb="0"/><line nr="190" mi="3" ci="0" mb="0" cb="0"/><line nr="191" mi="3" ci="0" mb="0" cb="0"/><line nr="192" mi="3" ci="0" mb="0" cb="0"/><line nr="193" mi="3" ci="0" mb="0" cb="0"/><line nr="194" mi="3" ci="0" mb="0" cb="0"/><line nr="195" mi="2" ci="0" mb="0" cb="0"/><line nr="196" mi="4" ci="0" mb="2" cb="0"/><line nr="197" mi="11" ci="0" mb="0" cb="0"/><line nr="203" mi="5" ci="0" mb="0" cb="0"/><line nr="204" mi="2" ci="0" mb="0" cb="0"/><line nr="205" mi="3" ci="0" mb="2" cb="0"/><line nr="207" mi="3" ci="0" mb="0" cb="0"/><line nr="208" mi="3" ci="0" mb="0" cb="0"/><line nr="210" mi="4" ci="0" mb="2" cb="0"/><line nr="212" mi="12" ci="0" mb="0" cb="0"/><line nr="214" mi="3" ci="0" mb="0" cb="0"/><line nr="216" mi="5" ci="0" mb="2" cb="0"/><line nr="218" mi="1" ci="0" mb="0" cb="0"/><line nr="219" mi="1" ci="0" mb="0" cb="0"/><line nr="222" mi="5" ci="0" mb="0" cb="0"/><line nr="228" mi="4" ci="0" mb="0" cb="0"/><line nr="234" mi="3" ci="0" mb="0" cb="0"/><line nr="243" mi="1" ci="0" mb="0" cb="0"/><line nr="248" mi="2" ci="0" mb="0" cb="0"/><line nr="250" mi="2" ci="0" mb="2" cb="0"/><line nr="252" mi="3" ci="0" mb="0" cb="0"/><line nr="253" mi="3" ci="0" mb="0" cb="0"/><line nr="255" mi="3" ci="0" mb="0" cb="0"/><line nr="257" mi="3" ci="0" mb="0" cb="0"/><line nr="259" mi="5" ci="0" mb="0" cb="0"/><line nr="260" mi="2" ci="0" mb="2" cb="0"/><line nr="262" mi="3" ci="0" mb="0" cb="0"/><line nr="263" mi="5" ci="0" mb="2" cb="0"/><line nr="265" mi="1" ci="0" mb="0" cb="0"/><line nr="266" mi="1" ci="0" mb="0" cb="0"/><line nr="269" mi="5" ci="0" mb="2" cb="0"/><line nr="271" mi="1" ci="0" mb="0" cb="0"/><line nr="272" mi="1" ci="0" mb="0" cb="0"/><line nr="275" mi="5" ci="0" mb="2" cb="0"/><line nr="277" mi="1" ci="0" mb="0" cb="0"/><line nr="278" mi="1" ci="0" mb="0" cb="0"/><line nr="282" mi="5" ci="0" mb="2" cb="0"/><line nr="284" mi="1" ci="0" mb="0" cb="0"/><line nr="285" mi="1" ci="0" mb="0" cb="0"/><line nr="292" mi="4" ci="0" mb="0" cb="0"/><line nr="293" mi="3" ci="0" mb="0" cb="0"/><line nr="294" mi="3" ci="0" mb="0" cb="0"/><line nr="295" mi="4" ci="0" mb="0" cb="0"/><line nr="297" mi="1" ci="0" mb="0" cb="0"/><line nr="300" mi="1" ci="0" mb="0" cb="0"/><line nr="303" mi="3" ci="0" mb="0" cb="0"/><line nr="307" mi="2" ci="0" mb="0" cb="0"/><line nr="308" mi="2" ci="0" mb="2" cb="0"/><line nr="310" mi="3" ci="0" mb="0" cb="0"/><line nr="312" mi="3" ci="0" mb="0" cb="0"/><line nr="313" mi="2" ci="0" mb="3" cb="0"/><line nr="315" mi="4" ci="0" mb="0" cb="0"/><line nr="317" mi="4" ci="0" mb="2" cb="0"/><line nr="318" mi="26" ci="0" mb="0" cb="0"/><line nr="321" mi="2" ci="0" mb="0" cb="0"/><line nr="322" mi="10" ci="0" mb="2" cb="0"/><line nr="323" mi="4" ci="0" mb="2" cb="0"/><line nr="324" mi="10" ci="0" mb="0" cb="0"/><line nr="325" mi="15" ci="0" mb="0" cb="0"/><line nr="326" mi="7" ci="0" mb="0" cb="0"/><line nr="328" mi="1" ci="0" mb="0" cb="0"/><line nr="329" mi="1" ci="0" mb="0" cb="0"/><line nr="332" mi="1" ci="0" mb="0" cb="0"/><line nr="333" mi="1" ci="0" mb="0" cb="0"/><line nr="336" mi="3" ci="0" mb="0" cb="0"/><line nr="337" mi="3" ci="0" mb="0" cb="0"/><line nr="338" mi="4" ci="0" mb="0" cb="0"/><line nr="339" mi="1" ci="0" mb="0" cb="0"/><line nr="343" mi="1" ci="0" mb="0" cb="0"/><line nr="346" mi="4" ci="0" mb="0" cb="0"/><line nr="347" mi="4" ci="0" mb="0" cb="0"/><line nr="349" mi="5" ci="0" mb="0" cb="0"/><line nr="350" mi="4" ci="0" mb="0" cb="0"/><line nr="351" mi="3" ci="0" mb="0" cb="0"/><line nr="352" mi="3" ci="0" mb="2" cb="0"/><line nr="353" mi="8" ci="0" mb="0" cb="0"/><line nr="356" mi="11" ci="0" mb="2" cb="0"/><line nr="357" mi="5" ci="0" mb="0" cb="0"/><line nr="358" mi="4" ci="0" mb="0" cb="0"/><line nr="359" mi="3" ci="0" mb="0" cb="0"/><line nr="360" mi="3" ci="0" mb="2" cb="0"/><line nr="361" mi="6" ci="0" mb="0" cb="0"/><line nr="362" mi="5" ci="0" mb="0" cb="0"/><line nr="363" mi="5" ci="0" mb="0" cb="0"/><line nr="364" mi="5" ci="0" mb="0" cb="0"/><line nr="365" mi="5" ci="0" mb="0" cb="0"/><line nr="366" mi="5" ci="0" mb="0" cb="0"/><line nr="367" mi="5" ci="0" mb="0" cb="0"/><line nr="368" mi="5" ci="0" mb="0" cb="0"/><line nr="369" mi="3" ci="0" mb="0" cb="0"/><line nr="370" mi="4" ci="0" mb="0" cb="0"/><line nr="371" mi="1" ci="0" mb="0" cb="0"/><line nr="374" mi="1" ci="0" mb="0" cb="0"/><line nr="376" mi="1" ci="0" mb="0" cb="0"/><line nr="377" mi="5" ci="0" mb="0" cb="0"/><line nr="378" mi="1" ci="0" mb="0" cb="0"/><line nr="380" mi="2" ci="0" mb="0" cb="0"/><line nr="385" mi="3" ci="0" mb="0" cb="0"/><line nr="387" mi="2" ci="0" mb="0" cb="0"/><line nr="388" mi="2" ci="0" mb="2" cb="0"/><line nr="390" mi="3" ci="0" mb="0" cb="0"/><line nr="398" mi="3" ci="0" mb="0" cb="0"/><line nr="399" mi="2" ci="0" mb="7" cb="0"/><line nr="401" mi="1" ci="0" mb="0" cb="0"/><line nr="402" mi="1" ci="0" mb="0" cb="0"/><line nr="404" mi="1" ci="0" mb="0" cb="0"/><line nr="405" mi="1" ci="0" mb="0" cb="0"/><line nr="407" mi="1" ci="0" mb="0" cb="0"/><line nr="408" mi="1" ci="0" mb="0" cb="0"/><line nr="410" mi="1" ci="0" mb="0" cb="0"/><line nr="411" mi="1" ci="0" mb="0" cb="0"/><line nr="413" mi="1" ci="0" mb="0" cb="0"/><line nr="414" mi="1" ci="0" mb="0" cb="0"/><line nr="416" mi="1" ci="0" mb="0" cb="0"/><line nr="417" mi="1" ci="0" mb="0" cb="0"/><line nr="419" mi="3" ci="0" mb="0" cb="0"/><line nr="420" mi="3" ci="0" mb="0" cb="0"/><line nr="421" mi="4" ci="0" mb="0" cb="0"/><line nr="422" mi="1" ci="0" mb="0" cb="0"/><line nr="429" mi="1" ci="0" mb="0" cb="0"/><line nr="432" mi="4" ci="0" mb="0" cb="0"/><line nr="433" mi="5" ci="0" mb="0" cb="0"/><line nr="435" mi="5" ci="0" mb="0" cb="0"/><line nr="437" mi="3" ci="0" mb="0" cb="0"/><line nr="439" mi="4" ci="0" mb="0" cb="0"/><line nr="441" mi="3" ci="0" mb="0" cb="0"/><line nr="442" mi="3" ci="0" mb="0" cb="0"/><line nr="443" mi="3" ci="0" mb="0" cb="0"/><line nr="444" mi="3" ci="0" mb="0" cb="0"/><line nr="445" mi="4" ci="0" mb="0" cb="0"/><line nr="446" mi="8" ci="0" mb="0" cb="0"/><line nr="447" mi="4" ci="0" mb="0" cb="0"/><line nr="448" mi="8" ci="0" mb="0" cb="0"/><line nr="449" mi="3" ci="0" mb="0" cb="0"/><line nr="450" mi="4" ci="0" mb="0" cb="0"/><line nr="451" mi="6" ci="0" mb="0" cb="0"/><line nr="452" mi="3" ci="0" mb="0" cb="0"/><line nr="454" mi="3" ci="0" mb="0" cb="0"/><line nr="459" mi="3" ci="0" mb="0" cb="0"/><line nr="460" mi="3" ci="0" mb="2" cb="0"/><line nr="461" mi="1" ci="0" mb="0" cb="0"/><line nr="462" mi="1" ci="0" mb="0" cb="0"/><line nr="464" mi="1" ci="0" mb="0" cb="0"/><line nr="466" mi="1" ci="0" mb="0" cb="0"/><line nr="470" mi="3" ci="0" mb="0" cb="0"/><line nr="471" mi="3" ci="0" mb="0" cb="0"/><line nr="472" mi="5" ci="0" mb="4" cb="0"/><line nr="473" mi="2" ci="0" mb="0" cb="0"/><line nr="475" mi="3" ci="0" mb="0" cb="0"/><line nr="477" mi="1" ci="0" mb="0" cb="0"/><line nr="481" mi="2" ci="0" mb="0" cb="0"/><line nr="483" mi="10" ci="0" mb="2" cb="0"/><line nr="484" mi="4" ci="0" mb="2" cb="0"/><line nr="485" mi="15" ci="0" mb="0" cb="0"/><line nr="486" mi="1" ci="0" mb="0" cb="0"/><line nr="487" mi="1" ci="0" mb="0" cb="0"/><line nr="490" mi="3" ci="0" mb="0" cb="0"/><line nr="494" mi="3" ci="0" mb="0" cb="0"/><line nr="496" mi="4" ci="0" mb="0" cb="0"/><line nr="497" mi="4" ci="0" mb="2" cb="0"/><line nr="498" mi="30" ci="0" mb="0" cb="0"/><line nr="501" mi="2" ci="0" mb="0" cb="0"/><line nr="502" mi="10" ci="0" mb="2" cb="0"/><line nr="504" mi="4" ci="0" mb="2" cb="0"/><line nr="505" mi="10" ci="0" mb="0" cb="0"/><line nr="506" mi="15" ci="0" mb="0" cb="0"/><line nr="507" mi="12" ci="0" mb="0" cb="0"/><line nr="508" mi="1" ci="0" mb="0" cb="0"/><line nr="510" mi="3" ci="0" mb="0" cb="0"/><line nr="512" mi="3" ci="0" mb="0" cb="0"/><line nr="513" mi="8" ci="0" mb="4" cb="0"/><line nr="515" mi="1" ci="0" mb="0" cb="0"/><line nr="521" mi="1" ci="0" mb="0" cb="0"/><line nr="527" mi="4" ci="0" mb="0" cb="0"/><line nr="528" mi="4" ci="0" mb="0" cb="0"/><line nr="529" mi="4" ci="0" mb="2" cb="0"/><line nr="530" mi="34" ci="0" mb="0" cb="0"/><line nr="533" mi="2" ci="0" mb="0" cb="0"/><line nr="534" mi="10" ci="0" mb="2" cb="0"/><line nr="536" mi="4" ci="0" mb="2" cb="0"/><line nr="537" mi="10" ci="0" mb="0" cb="0"/><line nr="538" mi="15" ci="0" mb="0" cb="0"/><line nr="539" mi="20" ci="0" mb="0" cb="0"/><line nr="540" mi="1" ci="0" mb="0" cb="0"/><line nr="542" mi="3" ci="0" mb="0" cb="0"/><line nr="549" mi="3" ci="0" mb="0" cb="0"/><line nr="550" mi="2" ci="0" mb="3" cb="0"/><line nr="552" mi="1" ci="0" mb="0" cb="0"/><line nr="553" mi="1" ci="0" mb="0" cb="0"/><line nr="555" mi="2" ci="0" mb="0" cb="0"/><line nr="556" mi="1" ci="0" mb="0" cb="0"/><line nr="558" mi="3" ci="0" mb="0" cb="0"/><line nr="563" mi="1" ci="0" mb="0" cb="0"/><line nr="570" mi="3" ci="0" mb="0" cb="0"/><line nr="572" mi="4" ci="0" mb="0" cb="0"/><line nr="574" mi="4" ci="0" mb="2" cb="0"/><line nr="575" mi="30" ci="0" mb="0" cb="0"/><line nr="578" mi="2" ci="0" mb="0" cb="0"/><line nr="579" mi="10" ci="0" mb="2" cb="0"/><line nr="581" mi="4" ci="0" mb="2" cb="0"/><line nr="582" mi="10" ci="0" mb="0" cb="0"/><line nr="583" mi="15" ci="0" mb="0" cb="0"/><line nr="584" mi="12" ci="0" mb="0" cb="0"/><line nr="585" mi="1" ci="0" mb="0" cb="0"/><line nr="591" mi="3" ci="0" mb="0" cb="0"/><line nr="592" mi="5" ci="0" mb="4" cb="0"/><line nr="595" mi="7" ci="0" mb="0" cb="0"/><line nr="596" mi="3" ci="0" mb="0" cb="0"/><line nr="597" mi="1" ci="0" mb="0" cb="0"/><line nr="601" mi="3" ci="0" mb="0" cb="0"/><line nr="602" mi="4" ci="0" mb="0" cb="0"/><line nr="612" mi="1" ci="0" mb="0" cb="0"/><line nr="618" mi="4" ci="0" mb="0" cb="0"/><line nr="620" mi="2" ci="0" mb="0" cb="0"/><line nr="623" mi="5" ci="0" mb="0" cb="0"/><line nr="624" mi="5" ci="0" mb="0" cb="0"/><line nr="625" mi="5" ci="0" mb="0" cb="0"/><line nr="626" mi="4" ci="0" mb="0" cb="0"/><line nr="627" mi="3" ci="0" mb="0" cb="0"/><line nr="629" mi="3" ci="0" mb="0" cb="0"/><line nr="630" mi="4" ci="0" mb="0" cb="0"/><line nr="635" mi="3" ci="0" mb="0" cb="0"/><line nr="636" mi="1" ci="0" mb="0" cb="0"/><line nr="637" mi="4" ci="0" mb="0" cb="0"/><line nr="639" mi="1" ci="0" mb="0" cb="0"/><line nr="645" mi="1" ci="0" mb="0" cb="0"/><line nr="649" mi="4" ci="0" mb="0" cb="0"/><line nr="650" mi="5" ci="0" mb="0" cb="0"/><line nr="651" mi="4" ci="0" mb="0" cb="0"/><line nr="652" mi="3" ci="0" mb="0" cb="0"/><line nr="653" mi="3" ci="0" mb="2" cb="0"/><line nr="654" mi="7" ci="0" mb="0" cb="0"/><line nr="657" mi="1" ci="0" mb="0" cb="0"/><line nr="658" mi="4" ci="0" mb="0" cb="0"/><line nr="659" mi="1" ci="0" mb="0" cb="0"/><line nr="660" mi="2" ci="0" mb="0" cb="0"/><line nr="665" mi="4" ci="0" mb="0" cb="0"/><line nr="666" mi="4" ci="0" mb="0" cb="0"/><line nr="668" mi="5" ci="0" mb="0" cb="0"/><line nr="669" mi="4" ci="0" mb="0" cb="0"/><line nr="670" mi="3" ci="0" mb="0" cb="0"/><line nr="671" mi="3" ci="0" mb="2" cb="0"/><line nr="672" mi="8" ci="0" mb="0" cb="0"/><line nr="675" mi="11" ci="0" mb="2" cb="0"/><line nr="676" mi="5" ci="0" mb="0" cb="0"/><line nr="677" mi="4" ci="0" mb="0" cb="0"/><line nr="678" mi="3" ci="0" mb="0" cb="0"/><line nr="679" mi="3" ci="0" mb="2" cb="0"/><line nr="680" mi="6" ci="0" mb="0" cb="0"/><line nr="681" mi="5" ci="0" mb="0" cb="0"/><line nr="682" mi="5" ci="0" mb="0" cb="0"/><line nr="683" mi="5" ci="0" mb="0" cb="0"/><line nr="684" mi="5" ci="0" mb="0" cb="0"/><line nr="685" mi="5" ci="0" mb="0" cb="0"/><line nr="686" mi="5" ci="0" mb="0" cb="0"/><line nr="687" mi="5" ci="0" mb="0" cb="0"/><line nr="688" mi="3" ci="0" mb="0" cb="0"/><line nr="689" mi="4" ci="0" mb="0" cb="0"/><line nr="690" mi="1" ci="0" mb="0" cb="0"/><line nr="693" mi="1" ci="0" mb="0" cb="0"/><line nr="695" mi="1" ci="0" mb="0" cb="0"/><line nr="696" mi="5" ci="0" mb="0" cb="0"/><line nr="697" mi="1" ci="0" mb="0" cb="0"/><line nr="699" mi="2" ci="0" mb="0" cb="0"/><line nr="704" mi="4" ci="0" mb="0" cb="0"/><line nr="705" mi="4" ci="0" mb="0" cb="0"/><line nr="707" mi="5" ci="0" mb="0" cb="0"/><line nr="708" mi="4" ci="0" mb="0" cb="0"/><line nr="709" mi="3" ci="0" mb="0" cb="0"/><line nr="710" mi="3" ci="0" mb="2" cb="0"/><line nr="711" mi="8" ci="0" mb="0" cb="0"/><line nr="714" mi="11" ci="0" mb="2" cb="0"/><line nr="715" mi="5" ci="0" mb="0" cb="0"/><line nr="716" mi="4" ci="0" mb="0" cb="0"/><line nr="717" mi="3" ci="0" mb="0" cb="0"/><line nr="718" mi="3" ci="0" mb="2" cb="0"/><line nr="719" mi="6" ci="0" mb="0" cb="0"/><line nr="720" mi="5" ci="0" mb="0" cb="0"/><line nr="721" mi="5" ci="0" mb="0" cb="0"/><line nr="722" mi="5" ci="0" mb="0" cb="0"/><line nr="723" mi="5" ci="0" mb="0" cb="0"/><line nr="724" mi="5" ci="0" mb="0" cb="0"/><line nr="725" mi="5" ci="0" mb="0" cb="0"/><line nr="726" mi="5" ci="0" mb="0" cb="0"/><line nr="727" mi="3" ci="0" mb="0" cb="0"/><line nr="728" mi="4" ci="0" mb="0" cb="0"/><line nr="729" mi="1" ci="0" mb="0" cb="0"/><line nr="732" mi="1" ci="0" mb="0" cb="0"/><line nr="734" mi="1" ci="0" mb="0" cb="0"/><line nr="735" mi="5" ci="0" mb="0" cb="0"/><line nr="736" mi="1" ci="0" mb="0" cb="0"/><line nr="738" mi="2" ci="0" mb="0" cb="0"/><line nr="743" mi="3" ci="0" mb="0" cb="0"/><line nr="745" mi="2" ci="0" mb="0" cb="0"/><line nr="746" mi="2" ci="0" mb="0" cb="0"/><line nr="748" mi="3" ci="0" mb="0" cb="0"/><line nr="749" mi="3" ci="0" mb="2" cb="0"/><line nr="750" mi="4" ci="0" mb="0" cb="0"/><line nr="751" mi="7" ci="0" mb="0" cb="0"/><line nr="752" mi="4" ci="0" mb="0" cb="0"/><line nr="753" mi="3" ci="0" mb="0" cb="0"/><line nr="754" mi="4" ci="0" mb="0" cb="0"/><line nr="755" mi="3" ci="0" mb="0" cb="0"/><line nr="756" mi="2" ci="0" mb="2" cb="0"/><line nr="757" mi="1" ci="0" mb="0" cb="0"/><line nr="759" mi="5" ci="0" mb="0" cb="0"/><line nr="760" mi="6" ci="0" mb="0" cb="0"/><line nr="761" mi="2" ci="0" mb="0" cb="0"/><line nr="762" mi="2" ci="0" mb="0" cb="0"/><line nr="763" mi="3" ci="0" mb="0" cb="0"/><line nr="764" mi="2" ci="0" mb="0" cb="0"/><line nr="765" mi="4" ci="0" mb="0" cb="0"/><line nr="766" mi="6" ci="0" mb="0" cb="0"/><line nr="767" mi="3" ci="0" mb="0" cb="0"/><line nr="768" mi="3" ci="0" mb="0" cb="0"/><line nr="769" mi="3" ci="0" mb="0" cb="0"/><line nr="770" mi="4" ci="0" mb="0" cb="0"/><line nr="771" mi="9" ci="0" mb="0" cb="0"/><line nr="772" mi="9" ci="0" mb="0" cb="0"/><line nr="773" mi="4" ci="0" mb="0" cb="0"/><line nr="774" mi="3" ci="0" mb="0" cb="0"/><line nr="775" mi="3" ci="0" mb="0" cb="0"/><line nr="776" mi="3" ci="0" mb="0" cb="0"/><line nr="777" mi="4" ci="0" mb="0" cb="0"/><line nr="778" mi="3" ci="0" mb="0" cb="0"/><line nr="779" mi="4" ci="0" mb="0" cb="0"/><line nr="780" mi="4" ci="0" mb="2" cb="0"/><line nr="781" mi="11" ci="0" mb="0" cb="0"/><line nr="782" mi="1" ci="0" mb="0" cb="0"/><line nr="786" mi="1" ci="0" mb="0" cb="0"/><line nr="789" mi="3" ci="0" mb="0" cb="0"/><line nr="790" mi="3" ci="0" mb="0" cb="0"/><line nr="794" mi="2" ci="0" mb="0" cb="0"/><line nr="795" mi="4" ci="0" mb="2" cb="0"/><line nr="796" mi="42" ci="0" mb="0" cb="0"/><line nr="798" mi="10" ci="0" mb="2" cb="0"/><line nr="799" mi="5" ci="0" mb="2" cb="0"/><line nr="800" mi="4" ci="0" mb="2" cb="0"/><line nr="801" mi="11" ci="0" mb="0" cb="0"/><line nr="802" mi="15" ci="0" mb="0" cb="0"/><line nr="803" mi="15" ci="0" mb="0" cb="0"/><line nr="804" mi="12" ci="0" mb="0" cb="0"/><line nr="806" mi="1" ci="0" mb="0" cb="0"/><line nr="808" mi="1" ci="0" mb="0" cb="0"/><line nr="811" mi="3" ci="0" mb="0" cb="0"/><line nr="816" mi="3" ci="0" mb="0" cb="0"/><line nr="817" mi="3" ci="0" mb="0" cb="0"/><line nr="818" mi="5" ci="0" mb="4" cb="0"/><line nr="819" mi="2" ci="0" mb="0" cb="0"/><line nr="821" mi="3" ci="0" mb="0" cb="0"/><line nr="823" mi="1" ci="0" mb="0" cb="0"/><line nr="827" mi="3" ci="0" mb="0" cb="0"/><line nr="828" mi="3" ci="0" mb="0" cb="0"/><line nr="829" mi="3" ci="0" mb="0" cb="0"/><line nr="830" mi="3" ci="0" mb="0" cb="0"/><line nr="835" mi="11" ci="0" mb="0" cb="0"/><line nr="838" mi="4" ci="0" mb="0" cb="0"/><line nr="839" mi="1" ci="0" mb="0" cb="0"/><line nr="840" mi="3" ci="0" mb="0" cb="0"/><line nr="841" mi="1" ci="0" mb="0" cb="0"/><line nr="842" mi="13" ci="0" mb="0" cb="0"/><line nr="844" mi="2" ci="0" mb="0" cb="0"/><line nr="845" mi="2" ci="0" mb="0" cb="0"/><line nr="846" mi="2" ci="0" mb="2" cb="0"/><line nr="847" mi="3" ci="0" mb="0" cb="0"/><line nr="848" mi="3" ci="0" mb="0" cb="0"/><line nr="850" mi="3" ci="0" mb="2" cb="0"/><line nr="851" mi="27" ci="0" mb="16" cb="0"/><line nr="853" mi="3" ci="0" mb="0" cb="0"/><line nr="855" mi="4" ci="0" mb="0" cb="0"/><line nr="858" mi="4" ci="0" mb="0" cb="0"/><line nr="862" mi="5" ci="0" mb="0" cb="0"/><line nr="866" mi="6" ci="0" mb="0" cb="0"/><line nr="870" mi="3" ci="0" mb="2" cb="0"/><line nr="871" mi="4" ci="0" mb="0" cb="0"/><line nr="873" mi="4" ci="0" mb="2" cb="0"/><line nr="874" mi="18" ci="0" mb="0" cb="0"/><line nr="876" mi="10" ci="0" mb="2" cb="0"/><line nr="877" mi="12" ci="0" mb="0" cb="0"/><line nr="878" mi="4" ci="0" mb="2" cb="0"/><line nr="879" mi="9" ci="0" mb="0" cb="0"/><line nr="881" mi="12" ci="0" mb="0" cb="0"/><line nr="882" mi="1" ci="0" mb="0" cb="0"/><line nr="884" mi="1" ci="0" mb="0" cb="0"/><line nr="887" mi="4" ci="0" mb="0" cb="0"/><line nr="888" mi="7" ci="0" mb="0" cb="0"/><line nr="889" mi="6" ci="0" mb="0" cb="0"/><line nr="890" mi="4" ci="0" mb="0" cb="0"/><line nr="891" mi="3" ci="0" mb="0" cb="0"/><line nr="892" mi="4" ci="0" mb="0" cb="0"/><line nr="894" mi="7" ci="0" mb="2" cb="0"/><line nr="895" mi="2" ci="0" mb="0" cb="0"/><line nr="896" mi="10" ci="0" mb="2" cb="0"/><line nr="897" mi="5" ci="0" mb="2" cb="0"/><line nr="898" mi="13" ci="0" mb="0" cb="0"/><line nr="899" mi="2" ci="0" mb="0" cb="0"/><line nr="900" mi="1" ci="0" mb="0" cb="0"/><line nr="902" mi="1" ci="0" mb="0" cb="0"/><line nr="903" mi="2" ci="0" mb="2" cb="0"/><line nr="904" mi="1" ci="0" mb="0" cb="0"/><line nr="906" mi="4" ci="0" mb="0" cb="0"/><line nr="907" mi="12" ci="0" mb="0" cb="0"/><line nr="910" mi="2" ci="0" mb="0" cb="0"/><line nr="914" mi="3" ci="0" mb="2" cb="0"/><line nr="915" mi="3" ci="0" mb="0" cb="0"/><line nr="916" mi="2" ci="0" mb="0" cb="0"/><line nr="918" mi="2" ci="0" mb="0" cb="0"/><line nr="919" mi="10" ci="0" mb="2" cb="0"/><line nr="920" mi="4" ci="0" mb="2" cb="0"/><line nr="921" mi="16" ci="0" mb="0" cb="0"/><line nr="922" mi="1" ci="0" mb="0" cb="0"/><line nr="924" mi="2" ci="0" mb="0" cb="0"/><line nr="929" mi="9" ci="0" mb="0" cb="0"/><line nr="931" mi="3" ci="0" mb="0" cb="0"/><line nr="932" mi="3" ci="0" mb="0" cb="0"/><line nr="933" mi="6" ci="0" mb="4" cb="0"/><line nr="934" mi="7" ci="0" mb="0" cb="0"/><line nr="935" mi="1" ci="0" mb="0" cb="0"/><line nr="937" mi="3" ci="0" mb="0" cb="0"/><line nr="939" mi="1" ci="0" mb="0" cb="0"/><line nr="940" mi="2" ci="0" mb="0" cb="0"/><line nr="944" mi="3" ci="0" mb="0" cb="0"/><line nr="945" mi="3" ci="0" mb="0" cb="0"/><line nr="949" mi="3" ci="0" mb="0" cb="0"/><line nr="950" mi="3" ci="0" mb="0" cb="0"/><line nr="954" mi="4" ci="0" mb="0" cb="0"/><line nr="955" mi="3" ci="0" mb="0" cb="0"/><line nr="957" mi="7" ci="0" mb="2" cb="0"/><line nr="958" mi="3" ci="0" mb="0" cb="0"/><line nr="959" mi="2" ci="0" mb="2" cb="0"/><line nr="960" mi="5" ci="0" mb="0" cb="0"/><line nr="962" mi="3" ci="0" mb="0" cb="0"/><line nr="963" mi="1" ci="0" mb="0" cb="0"/><line nr="966" mi="2" ci="0" mb="0" cb="0"/><line nr="970" mi="4" ci="0" mb="0" cb="0"/><line nr="973" mi="3" ci="0" mb="0" cb="0"/><line nr="974" mi="2" ci="0" mb="0" cb="0"/><line nr="975" mi="4" ci="0" mb="0" cb="0"/><line nr="976" mi="3" ci="0" mb="0" cb="0"/><line nr="979" mi="3" ci="0" mb="0" cb="0"/><line nr="980" mi="3" ci="0" mb="2" cb="0"/><line nr="981" mi="1" ci="0" mb="0" cb="0"/><line nr="983" mi="1" ci="0" mb="0" cb="0"/><line nr="984" mi="2" ci="0" mb="0" cb="0"/><line nr="992" mi="3" ci="0" mb="0" cb="0"/><line nr="993" mi="4" ci="0" mb="0" cb="0"/><line nr="994" mi="3" ci="0" mb="2" cb="0"/><line nr="995" mi="3" ci="0" mb="0" cb="0"/><line nr="998" mi="3" ci="0" mb="0" cb="0"/><line nr="1001" mi="2" ci="0" mb="0" cb="0"/><line nr="1005" mi="4" ci="0" mb="2" cb="0"/><line nr="1006" mi="30" ci="0" mb="0" cb="0"/><line nr="1008" mi="2" ci="0" mb="0" cb="0"/><line nr="1009" mi="10" ci="0" mb="2" cb="0"/><line nr="1010" mi="6" ci="0" mb="2" cb="0"/><line nr="1011" mi="3" ci="0" mb="0" cb="0"/><line nr="1012" mi="1" ci="0" mb="0" cb="0"/><line nr="1014" mi="1" ci="0" mb="0" cb="0"/><line nr="1015" mi="1" ci="0" mb="0" cb="0"/><line nr="1018" mi="4" ci="0" mb="0" cb="0"/><line nr="1019" mi="10" ci="0" mb="2" cb="0"/><line nr="1020" mi="6" ci="0" mb="2" cb="0"/><line nr="1021" mi="5" ci="0" mb="0" cb="0"/><line nr="1023" mi="1" ci="0" mb="0" cb="0"/><line nr="1024" mi="2" ci="0" mb="0" cb="0"/><line nr="1028" mi="10" ci="0" mb="2" cb="0"/><line nr="1029" mi="8" ci="0" mb="2" cb="0"/><line nr="1030" mi="5" ci="0" mb="2" cb="0"/><line nr="1031" mi="3" ci="0" mb="2" cb="0"/><line nr="1032" mi="2" ci="0" mb="0" cb="0"/><line nr="1034" mi="1" ci="0" mb="0" cb="0"/><line nr="1035" mi="9" ci="0" mb="2" cb="0"/><line nr="1039" mi="6" ci="0" mb="0" cb="0"/><line nr="1040" mi="4" ci="0" mb="0" cb="0"/><line nr="1041" mi="9" ci="0" mb="0" cb="0"/><line nr="1042" mi="4" ci="0" mb="2" cb="0"/><line nr="1043" mi="11" ci="0" mb="0" cb="0"/><line nr="1044" mi="14" ci="0" mb="0" cb="0"/><line nr="1045" mi="11" ci="0" mb="0" cb="0"/><line nr="1046" mi="1" ci="0" mb="0" cb="0"/><line nr="1049" mi="4" ci="0" mb="0" cb="0"/><line nr="1050" mi="3" ci="0" mb="0" cb="0"/><line nr="1051" mi="2" ci="0" mb="0" cb="0"/><line nr="1052" mi="2" ci="0" mb="2" cb="0"/><line nr="1053" mi="3" ci="0" mb="0" cb="0"/><line nr="1054" mi="3" ci="0" mb="0" cb="0"/><line nr="1055" mi="5" ci="0" mb="4" cb="0"/><line nr="1056" mi="11" ci="0" mb="0" cb="0"/><line nr="1057" mi="9" ci="0" mb="0" cb="0"/><line nr="1058" mi="3" ci="0" mb="0" cb="0"/><line nr="1061" mi="3" ci="0" mb="0" cb="0"/><line nr="1062" mi="3" ci="0" mb="2" cb="0"/><line nr="1063" mi="3" ci="0" mb="0" cb="0"/><line nr="1065" mi="2" ci="0" mb="0" cb="0"/><line nr="1067" mi="1" ci="0" mb="0" cb="0"/><line nr="1068" mi="3" ci="0" mb="0" cb="0"/><line nr="1070" mi="1" ci="0" mb="0" cb="0"/><line nr="1071" mi="2" ci="0" mb="0" cb="0"/><line nr="1076" mi="8" ci="0" mb="0" cb="0"/><line nr="1078" mi="2" ci="0" mb="0" cb="0"/><line nr="1080" mi="4" ci="0" mb="0" cb="0"/><line nr="1083" mi="4" ci="0" mb="0" cb="0"/><line nr="1084" mi="2" ci="0" mb="0" cb="0"/><line nr="1086" mi="4" ci="0" mb="0" cb="0"/><line nr="1087" mi="3" ci="0" mb="2" cb="0"/><line nr="1089" mi="4" ci="0" mb="0" cb="0"/><line nr="1090" mi="5" ci="0" mb="0" cb="0"/><line nr="1091" mi="5" ci="0" mb="0" cb="0"/><line nr="1092" mi="5" ci="0" mb="0" cb="0"/><line nr="1093" mi="4" ci="0" mb="0" cb="0"/><line nr="1096" mi="1" ci="0" mb="0" cb="0"/><line nr="1098" mi="1" ci="0" mb="0" cb="0"/><line nr="1099" mi="3" ci="0" mb="0" cb="0"/><line nr="1102" mi="2" ci="0" mb="2" cb="0"/><line nr="1103" mi="2" ci="0" mb="0" cb="0"/><line nr="1107" mi="2" ci="0" mb="0" cb="0"/><line nr="1115" mi="8" ci="0" mb="0" cb="0"/><line nr="1117" mi="2" ci="0" mb="0" cb="0"/><line nr="1119" mi="4" ci="0" mb="0" cb="0"/><line nr="1121" mi="4" ci="0" mb="0" cb="0"/><line nr="1122" mi="2" ci="0" mb="0" cb="0"/><line nr="1124" mi="4" ci="0" mb="0" cb="0"/><line nr="1125" mi="3" ci="0" mb="2" cb="0"/><line nr="1127" mi="4" ci="0" mb="0" cb="0"/><line nr="1129" mi="5" ci="0" mb="0" cb="0"/><line nr="1130" mi="5" ci="0" mb="0" cb="0"/><line nr="1131" mi="5" ci="0" mb="0" cb="0"/><line nr="1132" mi="5" ci="0" mb="0" cb="0"/><line nr="1133" mi="6" ci="0" mb="0" cb="0"/><line nr="1135" mi="4" ci="0" mb="0" cb="0"/><line nr="1137" mi="1" ci="0" mb="0" cb="0"/><line nr="1139" mi="1" ci="0" mb="0" cb="0"/><line nr="1140" mi="3" ci="0" mb="0" cb="0"/><line nr="1143" mi="2" ci="0" mb="2" cb="0"/><line nr="1144" mi="2" ci="0" mb="0" cb="0"/><line nr="1148" mi="2" ci="0" mb="0" cb="0"/><line nr="1154" mi="3" ci="0" mb="0" cb="0"/><line nr="1156" mi="2" ci="0" mb="0" cb="0"/><line nr="1157" mi="2" ci="0" mb="2" cb="0"/><line nr="1158" mi="2" ci="0" mb="0" cb="0"/><line nr="1160" mi="2" ci="0" mb="5" cb="0"/><line nr="1161" mi="2" ci="0" mb="0" cb="0"/><line nr="1162" mi="2" ci="0" mb="0" cb="0"/><line nr="1163" mi="2" ci="0" mb="0" cb="0"/><line nr="1165" mi="1" ci="0" mb="0" cb="0"/><line nr="1166" mi="1" ci="0" mb="0" cb="0"/><line nr="1168" mi="2" ci="0" mb="0" cb="0"/><line nr="1170" mi="1" ci="0" mb="0" cb="0"/><line nr="1171" mi="1" ci="0" mb="0" cb="0"/><line nr="1174" mi="3" ci="0" mb="0" cb="0"/><line nr="1179" mi="3" ci="0" mb="0" cb="0"/><line nr="1183" mi="3" ci="0" mb="0" cb="0"/><line nr="1185" mi="2" ci="0" mb="0" cb="0"/><line nr="1186" mi="2" ci="0" mb="2" cb="0"/><line nr="1187" mi="2" ci="0" mb="0" cb="0"/><line nr="1189" mi="2" ci="0" mb="5" cb="0"/><line nr="1190" mi="2" ci="0" mb="0" cb="0"/><line nr="1191" mi="2" ci="0" mb="0" cb="0"/><line nr="1192" mi="2" ci="0" mb="0" cb="0"/><line nr="1194" mi="1" ci="0" mb="0" cb="0"/><line nr="1195" mi="1" ci="0" mb="0" cb="0"/><line nr="1198" mi="3" ci="0" mb="0" cb="0"/><line nr="1199" mi="2" ci="0" mb="0" cb="0"/><line nr="1202" mi="1" ci="0" mb="0" cb="0"/><line nr="1203" mi="1" ci="0" mb="0" cb="0"/><line nr="1206" mi="3" ci="0" mb="0" cb="0"/><line nr="1209" mi="3" ci="0" mb="0" cb="0"/><line nr="1213" mi="3" ci="0" mb="0" cb="0"/><line nr="1215" mi="2" ci="0" mb="0" cb="0"/><line nr="1216" mi="2" ci="0" mb="2" cb="0"/><line nr="1217" mi="3" ci="0" mb="0" cb="0"/><line nr="1218" mi="3" ci="0" mb="0" cb="0"/><line nr="1219" mi="3" ci="0" mb="2" cb="0"/><line nr="1220" mi="1" ci="0" mb="0" cb="0"/><line nr="1221" mi="1" ci="0" mb="0" cb="0"/><line nr="1223" mi="3" ci="0" mb="0" cb="0"/><line nr="1224" mi="2" ci="0" mb="0" cb="0"/><line nr="1226" mi="1" ci="0" mb="0" cb="0"/><line nr="1227" mi="1" ci="0" mb="0" cb="0"/><line nr="1230" mi="3" ci="0" mb="0" cb="0"/><line nr="1231" mi="3" ci="0" mb="0" cb="0"/><line nr="1232" mi="4" ci="0" mb="0" cb="0"/><line nr="1235" mi="3" ci="0" mb="0" cb="0"/><line nr="1237" mi="2" ci="0" mb="0" cb="0"/><line nr="1238" mi="2" ci="0" mb="0" cb="0"/><line nr="1241" mi="4" ci="0" mb="2" cb="0"/><line nr="1242" mi="34" ci="0" mb="0" cb="0"/><line nr="1247" mi="3" ci="0" mb="0" cb="0"/><line nr="1249" mi="2" ci="0" mb="0" cb="0"/><line nr="1251" mi="1" ci="0" mb="0" cb="0"/><line nr="1252" mi="1" ci="0" mb="0" cb="0"/><line nr="1255" mi="2" ci="0" mb="0" cb="0"/><line nr="1256" mi="10" ci="0" mb="2" cb="0"/><line nr="1257" mi="4" ci="0" mb="2" cb="0"/><line nr="1258" mi="10" ci="0" mb="0" cb="0"/><line nr="1259" mi="15" ci="0" mb="0" cb="0"/><line nr="1260" mi="20" ci="0" mb="0" cb="0"/><line nr="1261" mi="1" ci="0" mb="0" cb="0"/><line nr="1262" mi="1" ci="0" mb="0" cb="0"/><line nr="1265" mi="2" ci="0" mb="0" cb="0"/><line nr="1267" mi="2" ci="0" mb="2" cb="0"/><line nr="1268" mi="3" ci="0" mb="0" cb="0"/><line nr="1270" mi="3" ci="0" mb="0" cb="0"/><line nr="1271" mi="6" ci="0" mb="4" cb="0"/><line nr="1272" mi="3" ci="0" mb="0" cb="0"/><line nr="1275" mi="3" ci="0" mb="0" cb="0"/><line nr="1276" mi="2" ci="0" mb="3" cb="0"/><line nr="1278" mi="10" ci="0" mb="0" cb="0"/><line nr="1279" mi="1" ci="0" mb="0" cb="0"/><line nr="1281" mi="9" ci="0" mb="0" cb="0"/><line nr="1282" mi="1" ci="0" mb="0" cb="0"/><line nr="1284" mi="2" ci="0" mb="0" cb="0"/><line nr="1288" mi="1" ci="0" mb="0" cb="0"/><line nr="1289" mi="3" ci="0" mb="0" cb="0"/><line nr="1291" mi="1" ci="0" mb="0" cb="0"/><line nr="1292" mi="1" ci="0" mb="0" cb="0"/><line nr="1295" mi="3" ci="0" mb="0" cb="0"/><line nr="1296" mi="2" ci="0" mb="0" cb="0"/><line nr="1297" mi="13" ci="0" mb="2" cb="0"/><line nr="1298" mi="1" ci="0" mb="0" cb="0"/><line nr="1301" mi="3" ci="0" mb="0" cb="0"/><line nr="1306" mi="3" ci="0" mb="0" cb="0"/><line nr="1307" mi="2" ci="0" mb="3" cb="0"/><line nr="1309" mi="1" ci="0" mb="0" cb="0"/><line nr="1310" mi="1" ci="0" mb="0" cb="0"/><line nr="1312" mi="2" ci="0" mb="0" cb="0"/><line nr="1313" mi="1" ci="0" mb="0" cb="0"/><line nr="1315" mi="3" ci="0" mb="0" cb="0"/><line nr="1319" mi="1" ci="0" mb="0" cb="0"/><line nr="1322" mi="4" ci="0" mb="0" cb="0"/><line nr="1323" mi="4" ci="0" mb="0" cb="0"/><line nr="1324" mi="4" ci="0" mb="0" cb="0"/><line nr="1326" mi="5" ci="0" mb="0" cb="0"/><line nr="1327" mi="3" ci="0" mb="0" cb="0"/><line nr="1328" mi="3" ci="0" mb="2" cb="0"/><line nr="1329" mi="7" ci="0" mb="0" cb="0"/><line nr="1330" mi="7" ci="0" mb="0" cb="0"/><line nr="1333" mi="8" ci="0" mb="2" cb="0"/><line nr="1334" mi="5" ci="0" mb="0" cb="0"/><line nr="1335" mi="8" ci="0" mb="0" cb="0"/><line nr="1336" mi="3" ci="0" mb="0" cb="0"/><line nr="1337" mi="3" ci="0" mb="2" cb="0"/><line nr="1338" mi="6" ci="0" mb="0" cb="0"/><line nr="1339" mi="5" ci="0" mb="0" cb="0"/><line nr="1340" mi="5" ci="0" mb="0" cb="0"/><line nr="1341" mi="5" ci="0" mb="0" cb="0"/><line nr="1342" mi="5" ci="0" mb="0" cb="0"/><line nr="1343" mi="5" ci="0" mb="0" cb="0"/><line nr="1344" mi="5" ci="0" mb="0" cb="0"/><line nr="1345" mi="5" ci="0" mb="0" cb="0"/><line nr="1346" mi="6" ci="0" mb="0" cb="0"/><line nr="1347" mi="4" ci="0" mb="0" cb="0"/><line nr="1348" mi="1" ci="0" mb="0" cb="0"/><line nr="1353" mi="1" ci="0" mb="0" cb="0"/><line nr="1354" mi="5" ci="0" mb="0" cb="0"/><line nr="1355" mi="1" ci="0" mb="0" cb="0"/><line nr="1357" mi="2" ci="0" mb="0" cb="0"/><line nr="1362" mi="2" ci="0" mb="0" cb="0"/><line nr="1363" mi="4" ci="0" mb="0" cb="0"/><line nr="1366" mi="4" ci="0" mb="0" cb="0"/><line nr="1367" mi="2" ci="0" mb="0" cb="0"/><line nr="1368" mi="4" ci="0" mb="0" cb="0"/><line nr="1369" mi="3" ci="0" mb="2" cb="0"/><line nr="1371" mi="7" ci="0" mb="0" cb="0"/><line nr="1373" mi="1" ci="0" mb="0" cb="0"/><line nr="1374" mi="4" ci="0" mb="0" cb="0"/><line nr="1377" mi="2" ci="0" mb="2" cb="0"/><line nr="1378" mi="2" ci="0" mb="0" cb="0"/><line nr="1382" mi="2" ci="0" mb="0" cb="0"/><line nr="1389" mi="4" ci="0" mb="0" cb="0"/><line nr="1390" mi="2" ci="0" mb="0" cb="0"/><line nr="1391" mi="5" ci="0" mb="0" cb="0"/><line nr="1392" mi="4" ci="0" mb="0" cb="0"/><line nr="1393" mi="3" ci="0" mb="0" cb="0"/><line nr="1395" mi="3" ci="0" mb="0" cb="0"/><line nr="1396" mi="1" ci="0" mb="0" cb="0"/><line nr="1397" mi="3" ci="0" mb="0" cb="0"/><line nr="1398" mi="1" ci="0" mb="0" cb="0"/><line nr="1400" mi="1" ci="0" mb="0" cb="0"/><line nr="1404" mi="4" ci="0" mb="0" cb="0"/><line nr="1405" mi="2" ci="0" mb="0" cb="0"/><line nr="1407" mi="5" ci="0" mb="0" cb="0"/><line nr="1408" mi="4" ci="0" mb="0" cb="0"/><line nr="1409" mi="4" ci="0" mb="0" cb="0"/><line nr="1411" mi="3" ci="0" mb="0" cb="0"/><line nr="1413" mi="2" ci="0" mb="2" cb="0"/><line nr="1414" mi="4" ci="0" mb="0" cb="0"/><line nr="1416" mi="3" ci="0" mb="0" cb="0"/><line nr="1419" mi="1" ci="0" mb="0" cb="0"/><line nr="1421" mi="3" ci="0" mb="0" cb="0"/><line nr="1422" mi="1" ci="0" mb="0" cb="0"/><line nr="1423" mi="3" ci="0" mb="0" cb="0"/><line nr="1424" mi="1" ci="0" mb="0" cb="0"/><line nr="1425" mi="1" ci="0" mb="0" cb="0"/><line nr="1426" mi="1" ci="0" mb="0" cb="0"/><line nr="1439" mi="4" ci="0" mb="0" cb="0"/><line nr="1441" mi="3" ci="0" mb="0" cb="0"/><line nr="1442" mi="3" ci="0" mb="0" cb="0"/><line nr="1443" mi="3" ci="0" mb="0" cb="0"/><line nr="1444" mi="3" ci="0" mb="0" cb="0"/><line nr="1445" mi="3" ci="0" mb="0" cb="0"/><line nr="1446" mi="3" ci="0" mb="0" cb="0"/><line nr="1448" mi="3" ci="0" mb="0" cb="0"/><line nr="1449" mi="3" ci="0" mb="0" cb="0"/><line nr="1450" mi="3" ci="0" mb="0" cb="0"/><line nr="1451" mi="3" ci="0" mb="0" cb="0"/><line nr="1452" mi="4" ci="0" mb="0" cb="0"/><line nr="1453" mi="1" ci="0" mb="0" cb="0"/><line nr="1455" mi="1" ci="0" mb="0" cb="0"/><line nr="1458" mi="3" ci="0" mb="0" cb="0"/><line nr="1460" mi="4" ci="0" mb="2" cb="0"/><line nr="1462" mi="42" ci="0" mb="0" cb="0"/><line nr="1465" mi="10" ci="0" mb="2" cb="0"/><line nr="1466" mi="4" ci="0" mb="2" cb="0"/><line nr="1467" mi="9" ci="0" mb="0" cb="0"/><line nr="1468" mi="16" ci="0" mb="0" cb="0"/><line nr="1469" mi="15" ci="0" mb="0" cb="0"/><line nr="1470" mi="12" ci="0" mb="0" cb="0"/><line nr="1472" mi="1" ci="0" mb="0" cb="0"/><line nr="1475" mi="3" ci="0" mb="0" cb="0"/><line nr="1476" mi="3" ci="0" mb="0" cb="0"/><line nr="1477" mi="4" ci="0" mb="0" cb="0"/><line nr="1478" mi="3" ci="0" mb="0" cb="0"/><line nr="1479" mi="3" ci="0" mb="0" cb="0"/><line nr="1480" mi="5" ci="0" mb="2" cb="0"/><line nr="1482" mi="4" ci="0" mb="0" cb="0"/><line nr="1483" mi="1" ci="0" mb="0" cb="0"/><line nr="1487" mi="1" ci="0" mb="0" cb="0"/><line nr="1503" mi="3" ci="0" mb="0" cb="0"/><line nr="1505" mi="4" ci="0" mb="2" cb="0"/><line nr="1506" mi="43" ci="0" mb="0" cb="0"/><line nr="1510" mi="10" ci="0" mb="2" cb="0"/><line nr="1511" mi="4" ci="0" mb="2" cb="0"/><line nr="1512" mi="10" ci="0" mb="0" cb="0"/><line nr="1513" mi="16" ci="0" mb="0" cb="0"/><line nr="1514" mi="15" ci="0" mb="0" cb="0"/><line nr="1515" mi="12" ci="0" mb="0" cb="0"/><line nr="1518" mi="1" ci="0" mb="0" cb="0"/><line nr="1521" mi="3" ci="0" mb="0" cb="0"/><line nr="1522" mi="3" ci="0" mb="0" cb="0"/><line nr="1523" mi="3" ci="0" mb="0" cb="0"/><line nr="1524" mi="3" ci="0" mb="0" cb="0"/><line nr="1525" mi="3" ci="0" mb="0" cb="0"/><line nr="1526" mi="3" ci="0" mb="0" cb="0"/><line nr="1527" mi="3" ci="0" mb="0" cb="0"/><line nr="1528" mi="3" ci="0" mb="0" cb="0"/><line nr="1529" mi="3" ci="0" mb="0" cb="0"/><line nr="1530" mi="3" ci="0" mb="0" cb="0"/><line nr="1531" mi="3" ci="0" mb="0" cb="0"/><line nr="1532" mi="3" ci="0" mb="0" cb="0"/><line nr="1533" mi="3" ci="0" mb="0" cb="0"/><line nr="1534" mi="3" ci="0" mb="0" cb="0"/><line nr="1535" mi="3" ci="0" mb="0" cb="0"/><line nr="1536" mi="3" ci="0" mb="0" cb="0"/><line nr="1537" mi="3" ci="0" mb="0" cb="0"/><line nr="1538" mi="3" ci="0" mb="0" cb="0"/><line nr="1541" mi="12" ci="0" mb="0" cb="0"/><line nr="1542" mi="3" ci="0" mb="0" cb="0"/><line nr="1544" mi="3" ci="0" mb="0" cb="0"/><line nr="1545" mi="4" ci="0" mb="0" cb="0"/><line nr="1547" mi="1" ci="0" mb="0" cb="0"/><line nr="1551" mi="1" ci="0" mb="0" cb="0"/><line nr="1554" mi="2" ci="0" mb="0" cb="0"/><line nr="1566" mi="2" ci="0" mb="2" cb="0"/><line nr="1567" mi="3" ci="0" mb="0" cb="0"/><line nr="1568" mi="3" ci="0" mb="0" cb="0"/><line nr="1569" mi="3" ci="0" mb="0" cb="0"/><line nr="1570" mi="3" ci="0" mb="0" cb="0"/><line nr="1571" mi="3" ci="0" mb="0" cb="0"/><line nr="1572" mi="3" ci="0" mb="0" cb="0"/><line nr="1573" mi="3" ci="0" mb="0" cb="0"/><line nr="1574" mi="3" ci="0" mb="0" cb="0"/><line nr="1575" mi="3" ci="0" mb="0" cb="0"/><line nr="1576" mi="3" ci="0" mb="0" cb="0"/><line nr="1577" mi="3" ci="0" mb="0" cb="0"/><line nr="1578" mi="3" ci="0" mb="0" cb="0"/><line nr="1579" mi="3" ci="0" mb="0" cb="0"/><line nr="1580" mi="3" ci="0" mb="0" cb="0"/><line nr="1581" mi="3" ci="0" mb="0" cb="0"/><line nr="1582" mi="3" ci="0" mb="0" cb="0"/><line nr="1584" mi="12" ci="0" mb="0" cb="0"/><line nr="1587" mi="3" ci="0" mb="0" cb="0"/><line nr="1588" mi="5" ci="0" mb="2" cb="0"/><line nr="1590" mi="4" ci="0" mb="0" cb="0"/><line nr="1591" mi="1" ci="0" mb="0" cb="0"/><line nr="1592" mi="1" ci="0" mb="0" cb="0"/><line nr="1595" mi="4" ci="0" mb="0" cb="0"/><line nr="1596" mi="3" ci="0" mb="0" cb="0"/><line nr="1597" mi="3" ci="0" mb="0" cb="0"/><line nr="1598" mi="4" ci="0" mb="0" cb="0"/><line nr="1600" mi="1" ci="0" mb="0" cb="0"/><line nr="1605" mi="2" ci="0" mb="0" cb="0"/><line nr="1607" mi="1" ci="0" mb="0" cb="0"/><line nr="1611" mi="3" ci="0" mb="0" cb="0"/><line nr="1619" mi="2" ci="0" mb="0" cb="0"/><line nr="1620" mi="2" ci="0" mb="2" cb="0"/><line nr="1622" mi="3" ci="0" mb="0" cb="0"/><line nr="1623" mi="3" ci="0" mb="2" cb="0"/><line nr="1624" mi="5" ci="0" mb="0" cb="0"/><line nr="1626" mi="3" ci="0" mb="2" cb="0"/><line nr="1627" mi="5" ci="0" mb="0" cb="0"/><line nr="1629" mi="3" ci="0" mb="2" cb="0"/><line nr="1630" mi="5" ci="0" mb="0" cb="0"/><line nr="1632" mi="3" ci="0" mb="2" cb="0"/><line nr="1633" mi="2" ci="0" mb="0" cb="0"/><line nr="1636" mi="3" ci="0" mb="2" cb="0"/><line nr="1637" mi="2" ci="0" mb="0" cb="0"/><line nr="1638" mi="1" ci="0" mb="0" cb="0"/><line nr="1642" mi="1" ci="0" mb="0" cb="0"/><line nr="1644" mi="1" ci="0" mb="0" cb="0"/><line nr="1647" mi="3" ci="0" mb="0" cb="0"/><line nr="1649" mi="4" ci="0" mb="2" cb="0"/><line nr="1650" mi="26" ci="0" mb="0" cb="0"/><line nr="1652" mi="3" ci="0" mb="0" cb="0"/><line nr="1654" mi="2" ci="0" mb="0" cb="0"/><line nr="1655" mi="10" ci="0" mb="2" cb="0"/><line nr="1656" mi="6" ci="0" mb="2" cb="0"/><line nr="1657" mi="10" ci="0" mb="0" cb="0"/><line nr="1658" mi="15" ci="0" mb="0" cb="0"/><line nr="1659" mi="7" ci="0" mb="0" cb="0"/><line nr="1661" mi="1" ci="0" mb="0" cb="0"/><line nr="1666" mi="3" ci="0" mb="0" cb="0"/><line nr="1667" mi="3" ci="0" mb="0" cb="0"/><line nr="1668" mi="9" ci="0" mb="0" cb="0"/><line nr="1669" mi="4" ci="0" mb="0" cb="0"/><line nr="1670" mi="1" ci="0" mb="0" cb="0"/><line nr="1672" mi="1" ci="0" mb="0" cb="0"/><line nr="1676" mi="4" ci="0" mb="0" cb="0"/><line nr="1677" mi="5" ci="0" mb="0" cb="0"/><line nr="1678" mi="4" ci="0" mb="0" cb="0"/><line nr="1679" mi="3" ci="0" mb="0" cb="0"/><line nr="1680" mi="4" ci="0" mb="0" cb="0"/><line nr="1681" mi="3" ci="0" mb="2" cb="0"/><line nr="1682" mi="8" ci="0" mb="0" cb="0"/><line nr="1684" mi="11" ci="0" mb="2" cb="0"/><line nr="1685" mi="5" ci="0" mb="0" cb="0"/><line nr="1686" mi="4" ci="0" mb="0" cb="0"/><line nr="1687" mi="3" ci="0" mb="0" cb="0"/><line nr="1688" mi="3" ci="0" mb="2" cb="0"/><line nr="1689" mi="7" ci="0" mb="0" cb="0"/><line nr="1694" mi="1" ci="0" mb="0" cb="0"/><line nr="1696" mi="1" ci="0" mb="0" cb="0"/><line nr="1697" mi="3" ci="0" mb="0" cb="0"/><line nr="1698" mi="1" ci="0" mb="0" cb="0"/><line nr="1700" mi="2" ci="0" mb="0" cb="0"/><line nr="1751" mi="3" ci="0" mb="0" cb="0"/><line nr="1752" mi="3" ci="0" mb="0" cb="0"/><line nr="1753" mi="8" ci="0" mb="0" cb="0"/><line nr="1756" mi="3" ci="0" mb="2" cb="0"/><line nr="1757" mi="2" ci="0" mb="0" cb="0"/><line nr="1759" mi="3" ci="0" mb="0" cb="0"/><line nr="1760" mi="9" ci="0" mb="4" cb="0"/><line nr="1765" mi="2" ci="0" mb="0" cb="0"/><line nr="1769" mi="4" ci="0" mb="0" cb="0"/><line nr="1770" mi="2" ci="0" mb="2" cb="0"/><line nr="1771" mi="4" ci="0" mb="0" cb="0"/><line nr="1773" mi="2" ci="0" mb="0" cb="0"/><line nr="1778" mi="3" ci="0" mb="0" cb="0"/><line nr="1779" mi="4" ci="0" mb="0" cb="0"/><line nr="1780" mi="8" ci="0" mb="4" cb="0"/><line nr="1781" mi="7" ci="0" mb="0" cb="0"/><line nr="1783" mi="2" ci="0" mb="0" cb="0"/><line nr="1787" mi="7" ci="0" mb="2" cb="0"/><line nr="1788" mi="4" ci="0" mb="2" cb="0"/><line nr="1789" mi="4" ci="0" mb="2" cb="0"/><line nr="1790" mi="4" ci="0" mb="2" cb="0"/><line nr="1791" mi="5" ci="0" mb="2" cb="0"/><counter type="INSTRUCTION" missed="3875" covered="0"/><counter type="BRANCH" missed="332" covered="0"/><counter type="LINE" missed="927" covered="0"/><counter type="COMPLEXITY" missed="246" covered="0"/><counter type="METHOD" missed="72" covered="0"/><counter type="CLASS" missed="3" covered="0"/></sourcefile><counter type="INSTRUCTION" missed="3875" covered="0"/><counter type="BRANCH" missed="332" covered="0"/><counter type="LINE" missed="927" covered="0"/><counter type="COMPLEXITY" missed="246" covered="0"/><counter type="METHOD" missed="72" covered="0"/><counter type="CLASS" missed="3" covered="0"/></package><package name="softwareproject/helper"><class name="softwareproject/helper/UserSession" sourcefilename="UserSession.java"><method name="&lt;init&gt;" desc="()V" line="8"><counter type="INSTRUCTION" missed="3" covered="0"/><counter type="LINE" missed="1" covered="0"/><counter type="COMPLEXITY" missed="1" covered="0"/><counter type="METHOD" missed="1" covered="0"/></method><method name="getSessionId" desc="()Ljava/lang/String;" line="14"><counter type="INSTRUCTION" missed="2" covered="0"/><counter type="LINE" missed="1" covered="0"/><counter type="COMPLEXITY" missed="1" covered="0"/><counter type="METHOD" missed="1" covered="0"/></method><method name="setSessionId" desc="(Ljava/lang/String;)V" line="18"><counter type="INSTRUCTION" missed="0" covered="3"/><counter type="LINE" missed="0" covered="2"/><counter type="COMPLEXITY" missed="0" covered="1"/><counter type="METHOD" missed="0" covered="1"/></method><method name="getCurrentUser" desc="()Lsoftwareproject/usermanagement/User;" line="22"><counter type="INSTRUCTION" missed="5" covered="0"/><counter type="LINE" missed="1" covered="0"/><counter type="COMPLEXITY" missed="1" covered="0"/><counter type="METHOD" missed="1" covered="0"/></method><method name="setCurrentUser" desc="(Lsoftwareproject/usermanagement/User;)V" line="26"><counter type="INSTRUCTION" missed="0" covered="6"/><counter type="LINE" missed="0" covered="2"/><counter type="COMPLEXITY" missed="0" covered="1"/><counter type="METHOD" missed="0" covered="1"/></method><method name="toString" desc="()Ljava/lang/String;" line="34"><counter type="INSTRUCTION" missed="5" covered="0"/><counter type="LINE" missed="1" covered="0"/><counter type="COMPLEXITY" missed="1" covered="0"/><counter type="METHOD" missed="1" covered="0"/></method><counter type="INSTRUCTION" missed="15" covered="9"/><counter type="LINE" missed="4" covered="4"/><counter type="COMPLEXITY" missed="4" covered="2"/><counter type="METHOD" missed="4" covered="2"/><counter type="CLASS" missed="0" covered="1"/></class><class name="softwareproject/helper/Validation" sourcefilename="Validation.java"><method name="&lt;init&gt;" desc="()V" line="33"><counter type="INSTRUCTION" missed="7" covered="0"/><counter type="LINE" missed="2" covered="0"/><counter type="COMPLEXITY" missed="1" covered="0"/><counter type="METHOD" missed="1" covered="0"/></method><method name="regexMatcher" desc="(Ljava/lang/String;Ljava/lang/String;)Z" line="38"><counter type="INSTRUCTION" missed="0" covered="10"/><counter type="LINE" missed="0" covered="3"/><counter type="COMPLEXITY" missed="0" covered="1"/><counter type="METHOD" missed="0" covered="1"/></method><method name="emptyUserFieldsTest" desc="(Lsoftwareproject/usermanagement/User;)Ljava/lang/String;" line="44"><counter type="INSTRUCTION" missed="0" covered="44"/><counter type="BRANCH" missed="0" covered="14"/><counter type="LINE" missed="0" covered="8"/><counter type="COMPLEXITY" missed="0" covered="8"/><counter type="METHOD" missed="0" covered="1"/></method><method name="emptyEventServiceFieldsTest" desc="(Lsoftwareproject/eventmanagement/EventService;)Ljava/lang/String;" line="55"><counter type="INSTRUCTION" missed="0" covered="50"/><counter type="BRANCH" missed="0" covered="16"/><counter type="LINE" missed="0" covered="9"/><counter type="COMPLEXITY" missed="0" covered="9"/><counter type="METHOD" missed="0" covered="1"/></method><method name="emptyVenueTest" desc="(Lsoftwareproject/eventmanagement/Places;)Ljava/lang/String;" line="66"><counter type="INSTRUCTION" missed="0" covered="20"/><counter type="BRANCH" missed="0" covered="6"/><counter type="LINE" missed="0" covered="4"/><counter type="COMPLEXITY" missed="0" covered="4"/><counter type="METHOD" missed="0" covered="1"/></method><method name="rollValidationTest" desc="(Lsoftwareproject/usermanagement/User;)Ljava/lang/String;" line="75"><counter type="INSTRUCTION" missed="0" covered="51"/><counter type="BRANCH" missed="0" covered="16"/><counter type="LINE" missed="0" covered="12"/><counter type="COMPLEXITY" missed="0" covered="9"/><counter type="METHOD" missed="0" covered="1"/></method><method name="eventServiceValidationTest" desc="(Lsoftwareproject/eventmanagement/EventService;)Ljava/lang/String;" line="96"><counter type="INSTRUCTION" missed="0" covered="79"/><counter type="BRANCH" missed="0" covered="12"/><counter type="LINE" missed="0" covered="15"/><counter type="COMPLEXITY" missed="0" covered="7"/><counter type="METHOD" missed="0" covered="1"/></method><method name="venueServiceValidationTest" desc="(Lsoftwareproject/eventmanagement/Places;)Ljava/lang/String;" line="119"><counter type="INSTRUCTION" missed="0" covered="17"/><counter type="BRANCH" missed="0" covered="4"/><counter type="LINE" missed="0" covered="6"/><counter type="COMPLEXITY" missed="0" covered="3"/><counter type="METHOD" missed="0" covered="1"/></method><method name="eventValidationTest" desc="(Lsoftwareproject/eventmanagement/Event;)Ljava/lang/String;" line="134"><counter type="INSTRUCTION" missed="0" covered="92"/><counter type="BRANCH" missed="0" covered="22"/><counter type="LINE" missed="0" covered="28"/><counter type="COMPLEXITY" missed="0" covered="12"/><counter type="METHOD" missed="0" covered="1"/></method><method name="validateInteger" desc="(Ljava/lang/String;)Z" line="180"><counter type="INSTRUCTION" missed="0" covered="8"/><counter type="LINE" missed="0" covered="4"/><counter type="COMPLEXITY" missed="0" covered="1"/><counter type="METHOD" missed="0" covered="1"/></method><method name="calculateTotalVendorsPrice" desc="(Lsoftwareproject/eventmanagement/Event;Lsoftwareproject/eventmanagement/EventService;)I" line="188"><counter type="INSTRUCTION" missed="0" covered="30"/><counter type="BRANCH" missed="0" covered="2"/><counter type="LINE" missed="0" covered="6"/><counter type="COMPLEXITY" missed="0" covered="2"/><counter type="METHOD" missed="0" covered="1"/></method><method name="balanceIsValid" desc="(Lsoftwareproject/eventmanagement/Event;Lsoftwareproject/eventmanagement/EventService;I)Z" line="197"><counter type="INSTRUCTION" missed="0" covered="13"/><counter type="BRANCH" missed="0" covered="2"/><counter type="LINE" missed="0" covered="1"/><counter type="COMPLEXITY" missed="0" covered="2"/><counter type="METHOD" missed="0" covered="1"/></method><method name="validateGuestListCount" desc="(Lsoftwareproject/eventmanagement/Event;)Z" line="202"><counter type="INSTRUCTION" missed="0" covered="11"/><counter type="BRANCH" missed="0" covered="2"/><counter type="LINE" missed="0" covered="1"/><counter type="COMPLEXITY" missed="0" covered="2"/><counter type="METHOD" missed="0" covered="1"/></method><method name="validateEventTime" desc="(Lsoftwareproject/eventmanagement/Event;Lsoftwareproject/eventmanagement/EventService;)Z" line="206"><counter type="INSTRUCTION" missed="0" covered="43"/><counter type="BRANCH" missed="1" covered="3"/><counter type="LINE" missed="0" covered="6"/><counter type="COMPLEXITY" missed="1" covered="2"/><counter type="METHOD" missed="0" covered="1"/></method><method name="validateEventScheduleConflicts" desc="(Lsoftwareproject/eventmanagement/Event;Lsoftwareproject/eventmanagement/EventService;)Z" line="219"><counter type="INSTRUCTION" missed="0" covered="50"/><counter type="BRANCH" missed="0" covered="4"/><counter type="LINE" missed="0" covered="9"/><counter type="COMPLEXITY" missed="0" covered="3"/><counter type="METHOD" missed="0" covered="1"/></method><method name="validateAttendeeCount" desc="(Lsoftwareproject/eventmanagement/EventService;Lsoftwareproject/eventmanagement/Event;)Z" line="234"><counter type="INSTRUCTION" missed="0" covered="20"/><counter type="BRANCH" missed="0" covered="2"/><counter type="LINE" missed="0" covered="4"/><counter type="COMPLEXITY" missed="0" covered="2"/><counter type="METHOD" missed="0" covered="1"/></method><method name="validateGuestNames" desc="(Lsoftwareproject/eventmanagement/Event;)Z" line="243"><counter type="INSTRUCTION" missed="0" covered="22"/><counter type="BRANCH" missed="0" covered="4"/><counter type="LINE" missed="0" covered="6"/><counter type="COMPLEXITY" missed="0" covered="3"/><counter type="METHOD" missed="0" covered="1"/></method><method name="validateVendorAvailability" desc="(Lsoftwareproject/eventmanagement/Event;)Z" line="254"><counter type="INSTRUCTION" missed="0" covered="71"/><counter type="BRANCH" missed="1" covered="7"/><counter type="LINE" missed="0" covered="14"/><counter type="COMPLEXITY" missed="1" covered="4"/><counter type="METHOD" missed="0" covered="1"/></method><method name="emptyEventFieldsTest" desc="(Lsoftwareproject/eventmanagement/Event;)Ljava/lang/String;" line="281"><counter type="INSTRUCTION" missed="0" covered="45"/><counter type="BRANCH" missed="0" covered="14"/><counter type="LINE" missed="0" covered="8"/><counter type="COMPLEXITY" missed="0" covered="8"/><counter type="METHOD" missed="0" covered="1"/></method><method name="vendorServiceValidationTest" desc="(Lsoftwareproject/vendor/VendorService;)Ljava/lang/String;" line="293"><counter type="INSTRUCTION" missed="0" covered="25"/><counter type="BRANCH" missed="0" covered="4"/><counter type="LINE" missed="0" covered="7"/><counter type="COMPLEXITY" missed="0" covered="3"/><counter type="METHOD" missed="0" covered="1"/></method><method name="emptyVendorServiceFieldsTest" desc="(Lsoftwareproject/vendor/VendorService;)Ljava/lang/String;" line="306"><counter type="INSTRUCTION" missed="0" covered="20"/><counter type="BRANCH" missed="0" covered="6"/><counter type="LINE" missed="0" covered="4"/><counter type="COMPLEXITY" missed="0" covered="4"/><counter type="METHOD" missed="0" covered="1"/></method><method name="findNotFoundImages" desc="(Ljava/util/List;)Ljava/util/List;" line="312"><counter type="INSTRUCTION" missed="0" covered="29"/><counter type="BRANCH" missed="0" covered="4"/><counter type="LINE" missed="0" covered="7"/><counter type="COMPLEXITY" missed="0" covered="3"/><counter type="METHOD" missed="0" covered="1"/></method><method name="phoneNumberValidationTest" desc="(Ljava/lang/String;)Z" line="325"><counter type="INSTRUCTION" missed="0" covered="6"/><counter type="LINE" missed="0" covered="2"/><counter type="COMPLEXITY" missed="0" covered="1"/><counter type="METHOD" missed="0" covered="1"/></method><method name="integerValidationTest" desc="(Ljava/lang/String;)Z" line="330"><counter type="INSTRUCTION" missed="0" covered="6"/><counter type="LINE" missed="0" covered="2"/><counter type="COMPLEXITY" missed="0" covered="1"/><counter type="METHOD" missed="0" covered="1"/></method><method name="emailValidationTest" desc="(Ljava/lang/String;)Z" line="337"><counter type="INSTRUCTION" missed="0" covered="6"/><counter type="LINE" missed="0" covered="2"/><counter type="COMPLEXITY" missed="0" covered="1"/><counter type="METHOD" missed="0" covered="1"/></method><method name="passwordValidationTest" desc="(Ljava/lang/String;)Z" line="342"><counter type="INSTRUCTION" missed="0" covered="6"/><counter type="LINE" missed="0" covered="2"/><counter type="COMPLEXITY" missed="0" covered="1"/><counter type="METHOD" missed="0" covered="1"/></method><method name="&lt;clinit&gt;" desc="()V" line="31"><counter type="INSTRUCTION" missed="0" covered="3"/><counter type="LINE" missed="0" covered="1"/><counter type="COMPLEXITY" missed="0" covered="1"/><counter type="METHOD" missed="0" covered="1"/></method><counter type="INSTRUCTION" missed="7" covered="777"/><counter type="BRANCH" missed="2" covered="144"/><counter type="LINE" missed="2" covered="171"/><counter type="COMPLEXITY" missed="3" covered="97"/><counter type="METHOD" missed="1" covered="26"/><counter type="CLASS" missed="0" covered="1"/></class><class name="softwareproject/helper/EmailSender$1" sourcefilename="EmailSender.java"><method name="&lt;init&gt;" desc="(Lsoftwareproject/helper/EmailSender;Ljava/lang/String;)V" line="39"><counter type="INSTRUCTION" missed="0" covered="9"/><counter type="LINE" missed="0" covered="1"/><counter type="COMPLEXITY" missed="0" covered="1"/><counter type="METHOD" missed="0" covered="1"/></method><method name="getPasswordAuthentication" desc="()Ljavax/mail/PasswordAuthentication;" line="42"><counter type="INSTRUCTION" missed="0" covered="7"/><counter type="LINE" missed="0" covered="1"/><counter type="COMPLEXITY" missed="0" covered="1"/><counter type="METHOD" missed="0" covered="1"/></method><counter type="INSTRUCTION" missed="0" covered="16"/><counter type="LINE" missed="0" covered="2"/><counter type="COMPLEXITY" missed="0" covered="2"/><counter type="METHOD" missed="0" covered="2"/><counter type="CLASS" missed="0" covered="1"/></class><class name="softwareproject/helper/Generator" sourcefilename="Generator.java"><method name="&lt;init&gt;" desc="()V" line="24"><counter type="INSTRUCTION" missed="7" covered="0"/><counter type="LINE" missed="2" covered="0"/><counter type="COMPLEXITY" missed="1" covered="0"/><counter type="METHOD" missed="1" covered="0"/></method><method name="rsToUser" desc="(Ljava/sql/ResultSet;)Lsoftwareproject/usermanagement/User;" line="31"><counter type="INSTRUCTION" missed="0" covered="46"/><counter type="LINE" missed="0" covered="10"/><counter type="COMPLEXITY" missed="0" covered="1"/><counter type="METHOD" missed="0" covered="1"/></method><method name="userToPS" desc="(Ljava/sql/PreparedStatement;Lsoftwareproject/usermanagement/User;)Ljava/sql/PreparedStatement;" line="48"><counter type="INSTRUCTION" missed="0" covered="42"/><counter type="LINE" missed="0" covered="9"/><counter type="COMPLEXITY" missed="0" covered="1"/><counter type="METHOD" missed="0" covered="1"/></method><method name="eventStatementToPS" desc="(Ljava/sql/PreparedStatement;Lsoftwareproject/eventmanagement/EventService;)Ljava/sql/PreparedStatement;" line="60"><counter type="INSTRUCTION" missed="0" covered="42"/><counter type="LINE" missed="0" covered="9"/><counter type="COMPLEXITY" missed="0" covered="1"/><counter type="METHOD" missed="0" covered="1"/></method><method name="venueStatementToPS" desc="(Ljava/sql/PreparedStatement;Lsoftwareproject/eventmanagement/Places;)Ljava/sql/PreparedStatement;" line="71"><
[...]
covered="2"/><counter type="COMPLEXITY" missed="0" covered="1"/><counter type="METHOD" missed="0" covered="1"/></method><counter type="INSTRUCTION" missed="0" covered="43"/><counter type="LINE" missed="0" covered="18"/><counter type="COMPLEXITY" missed="0" covered="9"/><counter type="METHOD" missed="0" covered="9"/><counter type="CLASS" missed="0" covered="1"/></class><class name="softwareproject/vendor/VendorService" sourcefilename="VendorService.java"><method name="&lt;init&gt;" desc="()V" line="15"><counter type="INSTRUCTION" missed="0" covered="21"/><counter type="LINE" missed="0" covered="8"/><counter type="COMPLEXITY" missed="0" covered="1"/><counter type="METHOD" missed="0" covered="1"/></method><method name="getVendorUserName" desc="()Ljava/lang/String;" line="25"><counter type="INSTRUCTION" missed="0" covered="3"/><counter type="LINE" missed="0" covered="1"/><counter type="COMPLEXITY" missed="0" covered="1"/><counter type="METHOD" missed="0" covered="1"/></method><method name="setVendorUserName" desc="(Ljava/lang/String;)V" line="29"><counter type="INSTRUCTION" missed="0" covered="4"/><counter type="LINE" missed="0" covered="2"/><counter type="COMPLEXITY" missed="0" covered="1"/><counter type="METHOD" missed="0" covered="1"/></method><method name="getServiceType" desc="()Ljava/lang/String;" line="33"><counter type="INSTRUCTION" missed="0" covered="3"/><counter type="LINE" missed="0" covered="1"/><counter type="COMPLEXITY" missed="0" covered="1"/><counter type="METHOD" missed="0" covered="1"/></method><method name="setServiceType" desc="(Ljava/lang/String;)V" line="37"><counter type="INSTRUCTION" missed="0" covered="4"/><counter type="LINE" missed="0" covered="2"/><counter type="COMPLEXITY" missed="0" covered="1"/><counter type="METHOD" missed="0" covered="1"/></method><method name="getServiceDescription" desc="()Ljava/lang/String;" line="41"><counter type="INSTRUCTION" missed="0" covered="3"/><counter type="LINE" missed="0" covered="1"/><counter type="COMPLEXITY" missed="0" covered="1"/><counter type="METHOD" missed="0" covered="1"/></method><method name="setServiceDescription" desc="(Ljava/lang/String;)V" line="45"><counter type="INSTRUCTION" missed="0" covered="4"/><counter type="LINE" missed="0" covered="2"/><counter type="COMPLEXITY" missed="0" covered="1"/><counter type="METHOD" missed="0" covered="1"/></method><method name="getServicePrice" desc="()Ljava/lang/String;" line="49"><counter type="INSTRUCTION" missed="0" covered="3"/><counter type="LINE" missed="0" covered="1"/><counter type="COMPLEXITY" missed="0" covered="1"/><counter type="METHOD" missed="0" covered="1"/></method><method name="setServicePrice" desc="(Ljava/lang/String;)V" line="53"><counter type="INSTRUCTION" missed="0" covered="4"/><counter type="LINE" missed="0" covered="2"/><counter type="COMPLEXITY" missed="0" covered="1"/><counter type="METHOD" missed="0" covered="1"/></method><method name="getServiceAvailability" desc="()Ljava/lang/String;" line="57"><counter type="INSTRUCTION" missed="0" covered="3"/><counter type="LINE" missed="0" covered="1"/><counter type="COMPLEXITY" missed="0" covered="1"/><counter type="METHOD" missed="0" covered="1"/></method><method name="setServiceAvailability" desc="(Ljava/lang/String;)V" line="61"><counter type="INSTRUCTION" missed="0" covered="4"/><counter type="LINE" missed="0" covered="2"/><counter type="COMPLEXITY" missed="0" covered="1"/><counter type="METHOD" missed="0" covered="1"/></method><method name="getAverageRating" desc="()I" line="65"><counter type="INSTRUCTION" missed="0" covered="3"/><counter type="LINE" missed="0" covered="1"/><counter type="COMPLEXITY" missed="0" covered="1"/><counter type="METHOD" missed="0" covered="1"/></method><method name="setAverageRating" desc="(I)V" line="69"><counter type="INSTRUCTION" missed="0" covered="4"/><counter type="LINE" missed="0" covered="2"/><counter type="COMPLEXITY" missed="0" covered="1"/><counter type="METHOD" missed="0" covered="1"/></method><counter type="INSTRUCTION" missed="0" covered="63"/><counter type="LINE" missed="0" covered="26"/><counter type="COMPLEXITY" missed="0" covered="13"/><counter type="METHOD" missed="0" covered="13"/><counter type="CLASS" missed="0" covered="1"/></class><class name="softwareproject/vendor/VendorManipulation" sourcefilename="VendorManipulation.java"><method name="&lt;init&gt;" desc="(Ljava/sql/Connection;)V" line="15"><counter type="INSTRUCTION" missed="0" covered="9"/><counter type="LINE" missed="0" covered="3"/><counter type="COMPLEXITY" missed="0" covered="1"/><counter type="METHOD" missed="0" covered="1"/></method><method name="addVendorService" desc="(Lsoftwareproject/vendor/VendorService;)V" line="20"><counter type="INSTRUCTION" missed="0" covered="19"/><counter type="BRANCH" missed="0" covered="2"/><counter type="LINE" missed="0" covered="6"/><counter type="COMPLEXITY" missed="0" covered="2"/><counter type="METHOD" missed="0" covered="1"/></method><method name="getStatus" desc="()Ljava/lang/String;" line="29"><counter type="INSTRUCTION" missed="0" covered="3"/><counter type="LINE" missed="0" covered="1"/><counter type="COMPLEXITY" missed="0" covered="1"/><counter type="METHOD" missed="0" covered="1"/></method><method name="setStatus" desc="(Ljava/lang/String;)V" line="33"><counter type="INSTRUCTION" missed="0" covered="4"/><counter type="LINE" missed="0" covered="2"/><counter type="COMPLEXITY" missed="0" covered="1"/><counter type="METHOD" missed="0" covered="1"/></method><method name="addVendorReview" desc="(Lsoftwareproject/vendor/VendorReview;)V" line="37"><counter type="INSTRUCTION" missed="0" covered="8"/><counter type="LINE" missed="0" covered="3"/><counter type="COMPLEXITY" missed="0" covered="1"/><counter type="METHOD" missed="0" covered="1"/></method><counter type="INSTRUCTION" missed="0" covered="43"/><counter type="BRANCH" missed="0" covered="2"/><counter type="LINE" missed="0" covered="15"/><counter type="COMPLEXITY" missed="0" covered="6"/><counter type="METHOD" missed="0" covered="5"/><counter type="CLASS" missed="0" covered="1"/></class><sourcefile name="VendorReview.java"><line nr="8" mi="0" ci="2" mb="0" cb="0"/><line nr="9" mi="0" ci="3" mb="0" cb="0"/><line nr="10" mi="0" ci="3" mb="0" cb="0"/><line nr="11" mi="0" ci="3" mb="0" cb="0"/><line nr="12" mi="0" ci="3" mb="0" cb="0"/><line nr="13" mi="0" ci="1" mb="0" cb="0"/><line nr="16" mi="0" ci="3" mb="0" cb="0"/><line nr="20" mi="0" ci="3" mb="0" cb="0"/><line nr="21" mi="0" ci="1" mb="0" cb="0"/><line nr="24" mi="0" ci="3" mb="0" cb="0"/><line nr="28" mi="0" ci="3" mb="0" cb="0"/><line nr="29" mi="0" ci="1" mb="0" cb="0"/><line nr="32" mi="0" ci="3" mb="0" cb="0"/><line nr="36" mi="0" ci="3" mb="0" cb="0"/><line nr="37" mi="0" ci="1" mb="0" cb="0"/><line nr="40" mi="0" ci="3" mb="0" cb="0"/><line nr="44" mi="0" ci="3" mb="0" cb="0"/><line nr="45" mi="0" ci="1" mb="0" cb="0"/><counter type="INSTRUCTION" missed="0" covered="43"/><counter type="LINE" missed="0" covered="18"/><counter type="COMPLEXITY" missed="0" covered="9"/><counter type="METHOD" missed="0" covered="9"/><counter type="CLASS" missed="0" covered="1"/></sourcefile><sourcefile name="VendorManipulation.java"><line nr="15" mi="0" ci="2" mb="0" cb="0"/><line nr="16" mi="0" ci="6" mb="0" cb="0"/><line nr="18" mi="0" ci="1" mb="0" cb="0"/><line nr="20" mi="0" ci="3" mb="0" cb="0"/><line nr="21" mi="0" ci="3" mb="0" cb="0"/><line nr="22" mi="0" ci="5" mb="0" cb="2"/><line nr="23" mi="0" ci="4" mb="0" cb="0"/><line nr="24" mi="0" ci="3" mb="0" cb="0"/><line nr="26" mi="0" ci="1" mb="0" cb="0"/><line nr="29" mi="0" ci="3" mb="0" cb="0"/><line nr="33" mi="0" ci="3" mb="0" cb="0"/><line nr="34" mi="0" ci="1" mb="0" cb="0"/><line nr="37" mi="0" ci="4" mb="0" cb="0"/><line nr="38" mi="0" ci="3" mb="0" cb="0"/><line nr="39" mi="0" ci="1" mb="0" cb="0"/><counter type="INSTRUCTION" missed="0" covered="43"/><counter type="BRANCH" missed="0" covered="2"/><counter type="LINE" missed="0" covered="15"/><counter type="COMPLEXITY" missed="0" covered="6"/><counter type="METHOD" missed="0" covered="5"/><counter type="CLASS" missed="0" covered="1"/></sourcefile><sourcefile name="VendorService.java"><line nr="15" mi="0" ci="2" mb="0" cb="0"/><line nr="16" mi="0" ci="3" mb="0" cb="0"/><line nr="17" mi="0" ci="3" mb="0" cb="0"/><line nr="18" mi="0" ci="3" mb="0" cb="0"/><line nr="19" mi="0" ci="3" mb="0" cb="0"/><line nr="20" mi="0" ci="3" mb="0" cb="0"/><line nr="21" mi="0" ci="3" mb="0" cb="0"/><line nr="22" mi="0" ci="1" mb="0" cb="0"/><line nr="25" mi="0" ci="3" mb="0" cb="0"/><line nr="29" mi="0" ci="3" mb="0" cb="0"/><line nr="30" mi="0" ci="1" mb="0" cb="0"/><line nr="33" mi="0" ci="3" mb="0" cb="0"/><line nr="37" mi="0" ci="3" mb="0" cb="0"/><line nr="38" mi="0" ci="1" mb="0" cb="0"/><line nr="41" mi="0" ci="3" mb="0" cb="0"/><line nr="45" mi="0" ci="3" mb="0" cb="0"/><line nr="46" mi="0" ci="1" mb="0" cb="0"/><line nr="49" mi="0" ci="3" mb="0" cb="0"/><line nr="53" mi="0" ci="3" mb="0" cb="0"/><line nr="54" mi="0" ci="1" mb="0" cb="0"/><line nr="57" mi="0" ci="3" mb="0" cb="0"/><line nr="61" mi="0" ci="3" mb="0" cb="0"/><line nr="62" mi="0" ci="1" mb="0" cb="0"/><line nr="65" mi="0" ci="3" mb="0" cb="0"/><line nr="69" mi="0" ci="3" mb="0" cb="0"/><line nr="70" mi="0" ci="1" mb="0" cb="0"/><counter type="INSTRUCTION" missed="0" covered="63"/><counter type="LINE" missed="0" covered="26"/><counter type="COMPLEXITY" missed="0" covered="13"/><counter type="METHOD" missed="0" covered="13"/><counter type="CLASS" missed="0" covered="1"/></sourcefile><sourcefile name="AVendorBooking.java"><line nr="8" mi="0" ci="2" mb="0" cb="0"/><line nr="9" mi="0" ci="3" mb="0" cb="0"/><line nr="10" mi="0" ci="3" mb="0" cb="0"/><line nr="11" mi="0" ci="3" mb="0" cb="0"/><line nr="12" mi="0" ci="3" mb="0" cb="0"/><line nr="13" mi="0" ci="1" mb="0" cb="0"/><line nr="16" mi="0" ci="3" mb="0" cb="0"/><line nr="20" mi="0" ci="3" mb="0" cb="0"/><line nr="21" mi="0" ci="1" mb="0" cb="0"/><line nr="24" mi="0" ci="3" mb="0" cb="0"/><line nr="28" mi="0" ci="3" mb="0" cb="0"/><line nr="29" mi="0" ci="1" mb="0" cb="0"/><line nr="32" mi="0" ci="3" mb="0" cb="0"/><line nr="36" mi="0" ci="3" mb="0" cb="0"/><line nr="37" mi="0" ci="1" mb="0" cb="0"/><line nr="40" mi="0" ci="3" mb="0" cb="0"/><line nr="44" mi="0" ci="3" mb="0" cb="0"/><line nr="45" mi="0" ci="1" mb="0" cb="0"/><counter type="INSTRUCTION" missed="0" covered="43"/><counter type="LINE" missed="0" covered="18"/><counter type="COMPLEXITY" missed="0" covered="9"/><counter type="METHOD" missed="0" covered="9"/><counter type="CLASS" missed="0" covered="1"/></sourcefile><counter type="INSTRUCTION" missed="0" covered="192"/><counter type="BRANCH" missed="0" covered="2"/><counter type="LINE" missed="0" covered="77"/><counter type="COMPLEXITY" missed="0" covered="37"/><counter type="METHOD" missed="0" covered="36"/><counter type="CLASS" missed="0" covered="4"/></package><package name="softwareproject/usermanagement"><class name="softwareproject/usermanagement/User" sourcefilename="User.java"><method name="&lt;init&gt;" desc="()V" line="13"><counter type="INSTRUCTION" missed="0" covered="27"/><counter type="LINE" missed="0" covered="10"/><counter type="COMPLEXITY" missed="0" covered="1"/><counter type="METHOD" missed="0" covered="1"/></method><method name="&lt;init&gt;" desc="(Ljava/lang/String;Ljava/lang/String;Ljava/lang/String;Ljava/lang/String;Ljava/lang/String;Ljava/lang/String;Ljava/lang/String;Ljava/lang/String;)V" line="26"><counter type="INSTRUCTION" missed="0" covered="27"/><counter type="LINE" missed="0" covered="10"/><counter type="COMPLEXITY" missed="0" covered="1"/><counter type="METHOD" missed="0" covered="1"/></method><method name="&lt;init&gt;" desc="(Lsoftwareproject/usermanagement/User;)V" line="38"><counter type="INSTRUCTION" missed="0" covered="19"/><counter type="LINE" missed="0" covered="4"/><counter type="COMPLEXITY" missed="0" covered="1"/><counter type="METHOD" missed="0" covered="1"/></method><method name="getUsername" desc="()Ljava/lang/String;" line="44"><counter type="INSTRUCTION" missed="0" covered="3"/><counter type="LINE" missed="0" covered="1"/><counter type="COMPLEXITY" missed="0" covered="1"/><counter type="METHOD" missed="0" covered="1"/></method><method name="setUsername" desc="(Ljava/lang/String;)V" line="48"><counter type="INSTRUCTION" missed="0" covered="5"/><counter type="LINE" missed="0" covered="2"/><counter type="COMPLEXITY" missed="0" covered="1"/><counter type="METHOD" missed="0" covered="1"/></method><method name="getFirstName" desc="()Ljava/lang/String;" line="52"><counter type="INSTRUCTION" missed="0" covered="3"/><counter type="LINE" missed="0" covered="1"/><counter type="COMPLEXITY" missed="0" covered="1"/><counter type="METHOD" missed="0" covered="1"/></method><method name="setFirstName" desc="(Ljava/lang/String;)V" line="56"><counter type="INSTRUCTION" missed="0" covered="4"/><counter type="LINE" missed="0" covered="2"/><counter type="COMPLEXITY" missed="0" covered="1"/><counter type="METHOD" missed="0" covered="1"/></method><method name="getLastName" desc="()Ljava/lang/String;" line="60"><counter type="INSTRUCTION" missed="0" covered="3"/><counter type="LINE" missed="0" covered="1"/><counter type="COMPLEXITY" missed="0" covered="1"/><counter type="METHOD" missed="0" covered="1"/></method><method name="setLastName" desc="(Ljava/lang/String;)V" line="64"><counter type="INSTRUCTION" missed="0" covered="4"/><counter type="LINE" missed="0" covered="2"/><counter type="COMPLEXITY" missed="0" covered="1"/><counter type="METHOD" missed="0" covered="1"/></method><method name="getPhoneNumber" desc="()Ljava/lang/String;" line="68"><counter type="INSTRUCTION" missed="0" covered="3"/><counter type="LINE" missed="0" covered="1"/><counter type="COMPLEXITY" missed="0" covered="1"/><counter type="METHOD" missed="0" covered="1"/></method><method name="setPhoneNumber" desc="(Ljava/lang/String;)V" line="72"><counter type="INSTRUCTION" missed="0" covered="4"/><counter type="LINE" missed="0" covered="2"/><counter type="COMPLEXITY" missed="0" covered="1"/><counter type="METHOD" missed="0" covered="1"/></method><method name="getPassword" desc="()Ljava/lang/String;" line="76"><counter type="INSTRUCTION" missed="0" covered="3"/><counter type="LINE" missed="0" covered="1"/><counter type="COMPLEXITY" missed="0" covered="1"/><counter type="METHOD" missed="0" covered="1"/></method><method name="setPassword" desc="(Ljava/lang/String;)V" line="80"><counter type="INSTRUCTION" missed="0" covered="4"/><counter type="LINE" missed="0" covered="2"/><counter type="COMPLEXITY" missed="0" covered="1"/><counter type="METHOD" missed="0" covered="1"/></method><method name="getEmail" desc="()Ljava/lang/String;" line="84"><counter type="INSTRUCTION" missed="0" covered="3"/><counter type="LINE" missed="0" covered="1"/><counter type="COMPLEXITY" missed="0" covered="1"/><counter type="METHOD" missed="0" covered="1"/></method><method name="setEmail" desc="(Ljava/lang/String;)V" line="88"><counter type="INSTRUCTION" missed="0" covered="4"/><counter type="LINE" missed="0" covered="2"/><counter type="COMPLEXITY" missed="0" covered="1"/><counter type="METHOD" missed="0" covered="1"/></method><method name="getImagePath" desc="()Ljava/lang/String;" line="92"><counter type="INSTRUCTION" missed="0" covered="9"/><counter type="BRANCH" missed="0" covered="2"/><counter type="LINE" missed="0" covered="1"/><counter type="COMPLEXITY" missed="0" covered="2"/><counter type="METHOD" missed="0" covered="1"/></method><method name="setImagePath" desc="(Ljava/lang/String;)V" line="96"><counter type="INSTRUCTION" missed="0" covered="4"/><counter type="LINE" missed="0" covered="2"/><counter type="COMPLEXITY" missed="0" covered="1"/><counter type="METHOD" missed="0" covered="1"/></method><method name="getUserType" desc="()Ljava/lang/String;" line="102"><counter type="INSTRUCTION" missed="0" covered="3"/><counter type="LINE" missed="0" covered="1"/><counter type="COMPLEXITY" missed="0" covered="1"/><counter type="METHOD" missed="0" covered="1"/></method><method name="setUserType" desc="(Ljava/lang/String;)V" line="106"><counter type="INSTRUCTION" missed="0" covered="4"/><counter type="LINE" missed="0" covered="2"/><counter type="COMPLEXITY" missed="0" covered="1"/><counter type="METHOD" missed="0" covered="1"/></method><method name="toString" desc="()Ljava/lang/String;" line="111"><counter type="INSTRUCTION" missed="16" covered="0"/><counter type="LINE" missed="1" covered="0"/><counter type="COMPLEXITY" missed="1" covered="0"/><counter type="METHOD" missed="1" covered="0"/></method><counter type="INSTRUCTION" missed="16" covered="136"/><counter type="BRANCH" missed="0" covered="2"/><counter type="LINE" missed="1" covered="48"/><counter type="COMPLEXITY" missed="1" covered="20"/><counter type="METHOD" missed="1" covered="19"/><counter type="CLASS" missed="0" covered="1"/></class><sourcefile name="User.java"><line nr="13" mi="0" ci="2" mb="0" cb="0"/><line nr="14" mi="0" ci="3" mb="0" cb="0"/><line nr="15" mi="0" ci="3" mb="0" cb="0"/><line nr="16" mi="0" ci="3" mb="0" cb="0"/><line nr="17" mi="0" ci="3" mb="0" cb="0"/><line nr="18" mi="0" ci="3" mb="0" cb="0"/><line nr="19" mi="0" ci="3" mb="0" cb="0"/><line nr="20" mi="0" ci="3" mb="0" cb="0"/><line nr="21" mi="0" ci="3" mb="0" cb="0"/><line nr="22" mi="0" ci="1" mb="0" cb="0"/><line nr="26" mi="0" ci="2" mb="0" cb="0"/><line nr="27" mi="0" ci="3" mb="0" cb="0"/><line nr="28" mi="0" ci="3" mb="0" cb="0"/><line nr="29" mi="0" ci="3" mb="0" cb="0"/><line nr="30" mi="0" ci="3" mb="0" cb="0"/><line nr="31" mi="0" ci="3" mb="0" cb="0"/><line nr="32" mi="0" ci="3" mb="0" cb="0"/><line nr="33" mi="0" ci="3" mb="0" cb="0"/><line nr="34" mi="0" ci="3" mb="0" cb="0"/><line nr="35" mi="0" ci="1" mb="0" cb="0"/><line nr="38" mi="0" ci="9" mb="0" cb="0"/><line nr="39" mi="0" ci="6" mb="0" cb="0"/><line nr="40" mi="0" ci="3" mb="0" cb="0"/><line nr="41" mi="0" ci="1" mb="0" cb="0"/><line nr="44" mi="0" ci="3" mb="0" cb="0"/><line nr="48" mi="0" ci="4" mb="0" cb="0"/><line nr="49" mi="0" ci="1" mb="0" cb="0"/><line nr="52" mi="0" ci="3" mb="0" cb="0"/><line nr="56" mi="0" ci="3" mb="0" cb="0"/><line nr="57" mi="0" ci="1" mb="0" cb="0"/><line nr="60" mi="0" ci="3" mb="0" cb="0"/><line nr="64" mi="0" ci="3" mb="0" cb="0"/><line nr="65" mi="0" ci="1" mb="0" cb="0"/><line nr="68" mi="0" ci="3" mb="0" cb="0"/><line nr="72" mi="0" ci="3" mb="0" cb="0"/><line nr="73" mi="0" ci="1" mb="0" cb="0"/><line nr="76" mi="0" ci="3" mb="0" cb="0"/><line nr="80" mi="0" ci="3" mb="0" cb="0"/><line nr="81" mi="0" ci="1" mb="0" cb="0"/><line nr="84" mi="0" ci="3" mb="0" cb="0"/><line nr="88" mi="0" ci="3" mb="0" cb="0"/><line nr="89" mi="0" ci="1" mb="0" cb="0"/><line nr="92" mi="0" ci="9" mb="0" cb="2"/><line nr="96" mi="0" ci="3" mb="0" cb="0"/><line nr="97" mi="0" ci="1" mb="0" cb="0"/><line nr="102" mi="0" ci="3" mb="0" cb="0"/><line nr="106" mi="0" ci="3" mb="0" cb="0"/><line nr="107" mi="0" ci="1" mb="0" cb="0"/><line nr="111" mi="16" ci="0" mb="0" cb="0"/><counter type="INSTRUCTION" missed="16" covered="136"/><counter type="BRANCH" missed="0" covered="2"/><counter type="LINE" missed="1" covered="48"/><counter type="COMPLEXITY" missed="1" covered="20"/><counter type="METHOD" missed="1" covered="19"/><counter type="CLASS" missed="0" covered="1"/></sourcefile><counter type="INSTRUCTION" missed="16" covered="136"/><counter type="BRANCH" missed="0" covered="2"/><counter type="LINE" missed="1" covered="48"/><counter type="COMPLEXITY" missed="1" covered="20"/><counter type="METHOD" missed="1" covered="19"/><counter type="CLASS" missed="0" covered="1"/></package><counter type="INSTRUCTION" missed="4760" covered="3495"/><counter type="BRANCH" missed="386" covered="222"/><counter type="LINE" missed="1168" covered="986"/><counter type="COMPLEXITY" missed="314" covered="326"/><counter type="METHOD" missed="107" covered="221"/><counter type="CLASS" missed="4" covered="23"/></report>